This is pdfTeX, Version 3.141592653-2.6-1.40.24 (MiKTeX 23.1) (preloaded format=pdflatex 2023.3.14)  27 OCT 2023 05:15
entering extended mode
 restricted \write18 enabled.
 %&-line parsing enabled.
**./Report.tex
(Report.tex
LaTeX2e <2022-11-01> patch level 1
L3 programming layer <2023-02-07>
(C:\Program Files\MiKTeX\tex/latex/base\book.cls
Document Class: book 2022/07/02 v1.4n Standard LaTeX document class
(C:\Program Files\MiKTeX\tex/latex/base\bk12.clo
File: bk12.clo 2022/07/02 v1.4n Standard LaTeX file (size option)
)
\c@part=\count185
\c@chapter=\count186
\c@section=\count187
\c@subsection=\count188
\c@subsubsection=\count189
\c@paragraph=\count190
\c@subparagraph=\count191
\c@figure=\count192
\c@table=\count193
\abovecaptionskip=\skip48
\belowcaptionskip=\skip49
\bibindent=\dimen140
) (stb-titlepage.sty
Package: stb-titlepage 2023/01/05 v1.0 Stellenbosch Title Page Package (DNJ ELS
)

(C:\Program Files\MiKTeX\tex/latex/etoolbox\etoolbox.sty
Package: etoolbox 2020/10/05 v2.5k e-TeX tools for LaTeX (JAW)
\etb@tempcnta=\count194
)
(C:\Program Files\MiKTeX\tex/latex/base\ifthen.sty
Package: ifthen 2022/04/13 v1.1d Standard LaTeX ifthen package (DPC)
)
(C:\Program Files\MiKTeX\tex/latex/kvoptions\kvoptions.sty
Package: kvoptions 2022-06-15 v3.15 Key value format for package options (HO)

(C:\Program Files\MiKTeX\tex/latex/graphics\keyval.sty
Package: keyval 2022/05/29 v1.15 key=value parser (DPC)
\KV@toks@=\toks16
)
(C:\Program Files\MiKTeX\tex/generic/ltxcmds\ltxcmds.sty
Package: ltxcmds 2020-05-10 v1.25 LaTeX kernel commands for general use (HO)
)
(C:\Program Files\MiKTeX\tex/latex/kvsetkeys\kvsetkeys.sty
Package: kvsetkeys 2022-10-05 v1.19 Key value parser (HO)
))
(C:\Program Files\MiKTeX\tex/latex/geometry\geometry.sty
Package: geometry 2020/01/02 v5.9 Page Geometry

(C:\Program Files\MiKTeX\tex/generic/iftex\ifvtex.sty
Package: ifvtex 2019/10/25 v1.7 ifvtex legacy package. Use iftex instead.

(C:\Program Files\MiKTeX\tex/generic/iftex\iftex.sty
Package: iftex 2022/02/03 v1.0f TeX engine tests
))
\Gm@cnth=\count195
\Gm@cntv=\count196
\c@Gm@tempcnt=\count197
\Gm@bindingoffset=\dimen141
\Gm@wd@mp=\dimen142
\Gm@odd@mp=\dimen143
\Gm@even@mp=\dimen144
\Gm@layoutwidth=\dimen145
\Gm@layoutheight=\dimen146
\Gm@layouthoffset=\dimen147
\Gm@layoutvoffset=\dimen148
\Gm@dimlist=\toks17

(C:\Program Files\MiKTeX\tex/latex/geometry\geometry.cfg))
\STB@xpos=\skip50
\STB@ypos=\skip51
\STB@logobox=\box51
Package stb-titlepage Info: Golden ratio type block on input line 193.
)
(C:\Program Files\MiKTeX\tex/latex/base\inputenc.sty
Package: inputenc 2021/02/14 v1.3d Input encoding file
\inpenc@prehook=\toks18
\inpenc@posthook=\toks19
)
(C:\Program Files\MiKTeX\tex/latex/amsmath\amsmath.sty
Package: amsmath 2022/04/08 v2.17n AMS math features
\@mathmargin=\skip52

For additional information on amsmath, use the `?' option.
(C:\Program Files\MiKTeX\tex/latex/amsmath\amstext.sty
Package: amstext 2021/08/26 v2.01 AMS text

(C:\Program Files\MiKTeX\tex/latex/amsmath\amsgen.sty
File: amsgen.sty 1999/11/30 v2.0 generic functions
\@emptytoks=\toks20
\ex@=\dimen149
))
(C:\Program Files\MiKTeX\tex/latex/amsmath\amsbsy.sty
Package: amsbsy 1999/11/29 v1.2d Bold Symbols
\pmbraise@=\dimen150
)
(C:\Program Files\MiKTeX\tex/latex/amsmath\amsopn.sty
Package: amsopn 2022/04/08 v2.04 operator names
)
\inf@bad=\count198
LaTeX Info: Redefining \frac on input line 234.
\uproot@=\count199
\leftroot@=\count266
LaTeX Info: Redefining \overline on input line 399.
LaTeX Info: Redefining \colon on input line 410.
\classnum@=\count267
\DOTSCASE@=\count268
LaTeX Info: Redefining \ldots on input line 496.
LaTeX Info: Redefining \dots on input line 499.
LaTeX Info: Redefining \cdots on input line 620.
\Mathstrutbox@=\box52
\strutbox@=\box53
LaTeX Info: Redefining \big on input line 722.
LaTeX Info: Redefining \Big on input line 723.
LaTeX Info: Redefining \bigg on input line 724.
LaTeX Info: Redefining \Bigg on input line 725.
\big@size=\dimen151
LaTeX Font Info:    Redeclaring font encoding OML on input line 743.
LaTeX Font Info:    Redeclaring font encoding OMS on input line 744.
\macc@depth=\count269
LaTeX Info: Redefining \bmod on input line 905.
LaTeX Info: Redefining \pmod on input line 910.
LaTeX Info: Redefining \smash on input line 940.
LaTeX Info: Redefining \relbar on input line 970.
LaTeX Info: Redefining \Relbar on input line 971.
\c@MaxMatrixCols=\count270
\dotsspace@=\muskip16
\c@parentequation=\count271
\dspbrk@lvl=\count272
\tag@help=\toks21
\row@=\count273
\column@=\count274
\maxfields@=\count275
\andhelp@=\toks22
\eqnshift@=\dimen152
\alignsep@=\dimen153
\tagshift@=\dimen154
\tagwidth@=\dimen155
\totwidth@=\dimen156
\lineht@=\dimen157
\@envbody=\toks23
\multlinegap=\skip53
\multlinetaggap=\skip54
\mathdisplay@stack=\toks24
LaTeX Info: Redefining \[ on input line 2953.
LaTeX Info: Redefining \] on input line 2954.
)
(C:\Program Files\MiKTeX\tex/latex/base\fontenc.sty
Package: fontenc 2021/04/29 v2.0v Standard LaTeX package
)
(C:\Program Files\MiKTeX\tex/latex/mathdesign\mathdesign.sty
Package: mathdesign 2013/08/29 v2.31 Math Design Project

(C:\Program Files\MiKTeX\tex/latex/mathdesign/mdbch\mdbch.cfg)
(C:\Program Files\MiKTeX\tex/latex/mathdesign/mdbch\mdbch.sty
Package: mdbch 2013/08/29 v2.31 bitstream bitstream charter + mdbch (Math Desig
n Project)

(C:\Program Files\MiKTeX\tex/latex/mathdesign\mdfont.def
File: mdfont.def 2013/08/29 v2.31 (Math Design Project)
)
(C:\Program Files\MiKTeX\tex/latex/mathdesign\mdsffont.def
File: mdsffont.def 2013/08/29 v2.31 (Math Design Project)


LaTeX Info: Font shape OT1/phv/mc/n has incorrect series value `mc'.
            It should not contain an `m'! Please correct it.
            Found on input line 53.


LaTeX Info: Font shape OT1/phv/mc/sc has incorrect series value `mc'.
            It should not contain an `m'! Please correct it.
            Found on input line 56.


LaTeX Info: Font shape OT1/phv/mc/sl has incorrect series value `mc'.
            It should not contain an `m'! Please correct it.
            Found on input line 59.


LaTeX Info: Font shape OT1/phv/mc/it has incorrect series value `mc'.
            It should not contain an `m'! Please correct it.
            Found on input line 79.


LaTeX Info: Font shape T1/phv/mc/n has incorrect series value `mc'.
            It should not contain an `m'! Please correct it.
            Found on input line 102.


LaTeX Info: Font shape T1/phv/mc/sc has incorrect series value `mc'.
            It should not contain an `m'! Please correct it.
            Found on input line 105.


LaTeX Info: Font shape T1/phv/mc/sl has incorrect series value `mc'.
            It should not contain an `m'! Please correct it.
            Found on input line 108.


LaTeX Info: Font shape T1/phv/mc/it has incorrect series value `mc'.
            It should not contain an `m'! Please correct it.
            Found on input line 128.


LaTeX Info: Font shape OT1/uhv/mc/n has incorrect series value `mc'.
            It should not contain an `m'! Please correct it.
            Found on input line 259.


LaTeX Info: Font shape OT1/uhv/mc/sc has incorrect series value `mc'.
            It should not contain an `m'! Please correct it.
            Found on input line 262.


LaTeX Info: Font shape OT1/uhv/mc/sl has incorrect series value `mc'.
            It should not contain an `m'! Please correct it.
            Found on input line 265.


LaTeX Info: Font shape OT1/uhv/mc/it has incorrect series value `mc'.
            It should not contain an `m'! Please correct it.
            Found on input line 268.


LaTeX Info: Font shape T1/uhv/mc/n has incorrect series value `mc'.
            It should not contain an `m'! Please correct it.
            Found on input line 313.


LaTeX Info: Font shape T1/uhv/mc/sc has incorrect series value `mc'.
            It should not contain an `m'! Please correct it.
            Found on input line 316.


LaTeX Info: Font shape T1/uhv/mc/sl has incorrect series value `mc'.
            It should not contain an `m'! Please correct it.
            Found on input line 319.


LaTeX Info: Font shape T1/uhv/mc/it has incorrect series value `mc'.
            It should not contain an `m'! Please correct it.
            Found on input line 322.

) (C:\Program Files\MiKTeX\tex/latex/mathdesign\mdttfont.def
File: mdttfont.def 2013/08/29 v2.31 (Math Design Project)
)
\symmdcal=\mathgroup4
LaTeX Font Info:    Overwriting symbol font `mdcal' in version `bold'
(Font)                  OMS/mdbch/m/n --> OMS/mdbch/b/n on input line 97.
\symmdscr=\mathgroup5
LaTeX Font Info:    Overwriting symbol font `mdscr' in version `bold'
(Font)                  OMS/mdbch/m/n --> OMS/mdbch/b/n on input line 103.
LaTeX Font Info:    Overwriting math alphabet `\mathfrak' in version `bold'
(Font)                  U/xmdeuf/m/n --> U/xmdeuf/b/n on input line 110.
LaTeX Font Info:    Overwriting symbol font `operators' in version `normal'
(Font)                  OT1/cmr/m/n --> OT1/mdbch/m/n on input line 121.
LaTeX Font Info:    Overwriting symbol font `letters' in version `normal'
(Font)                  OML/cmm/m/it --> OML/mdbch/m/it on input line 122.
LaTeX Font Info:    Overwriting symbol font `symbols' in version `normal'
(Font)                  OMS/cmsy/m/n --> OMS/mdbch/m/n on input line 123.
LaTeX Font Info:    Overwriting symbol font `largesymbols' in version `normal'
(Font)                  OMX/cmex/m/n --> OMX/mdbch/m/n on input line 124.
LaTeX Font Info:    Overwriting symbol font `operators' in version `bold'
(Font)                  OT1/cmr/bx/n --> OT1/mdbch/b/n on input line 126.
LaTeX Font Info:    Overwriting symbol font `letters' in version `bold'
(Font)                  OML/cmm/b/it --> OML/mdbch/b/it on input line 127.
LaTeX Font Info:    Overwriting symbol font `symbols' in version `bold'
(Font)                  OMS/cmsy/b/n --> OMS/mdbch/b/n on input line 128.
LaTeX Font Info:    Overwriting symbol font `largesymbols' in version `bold'
(Font)                  OMX/cmex/m/n --> OMX/mdbch/b/n on input line 129.
LaTeX Font Info:    Overwriting math alphabet `\mathrm' in version `normal'
(Font)                  OT1/mdbch/m/n --> T1/mdbch/m/n on input line 131.
LaTeX Font Info:    Overwriting math alphabet `\mathbf' in version `normal'
(Font)                  OT1/cmr/bx/n --> T1/mdbch/b/n on input line 132.
LaTeX Font Info:    Overwriting math alphabet `\mathit' in version `normal'
(Font)                  OT1/cmr/m/it --> T1/mdbch/m/it on input line 133.
LaTeX Font Info:    Overwriting math alphabet `\mathsf' in version `normal'
(Font)                  OT1/cmss/m/n --> T1/cmss/m/n on input line 134.
LaTeX Font Info:    Overwriting math alphabet `\mathtt' in version `normal'
(Font)                  OT1/cmtt/m/n --> T1/cmtt/m/n on input line 135.
LaTeX Font Info:    Overwriting math alphabet `\mathrm' in version `bold'
(Font)                  OT1/mdbch/b/n --> T1/mdbch/b/n on input line 137.
LaTeX Font Info:    Overwriting math alphabet `\mathbf' in version `bold'
(Font)                  OT1/cmr/bx/n --> T1/mdbch/b/n on input line 138.
LaTeX Font Info:    Overwriting math alphabet `\mathit' in version `bold'
(Font)                  OT1/cmr/bx/it --> T1/mdbch/b/it on input line 139.
LaTeX Font Info:    Overwriting math alphabet `\mathsf' in version `bold'
(Font)                  OT1/cmss/bx/n --> T1/cmss/b/n on input line 140.
LaTeX Font Info:    Overwriting math alphabet `\mathtt' in version `bold'
(Font)                  OT1/cmtt/m/n --> T1/cmtt/b/n on input line 141.
\symlettersupright=\mathgroup6
LaTeX Font Info:    Overwriting symbol font `lettersupright' in version `bold'
(Font)                  OML/mdbch/m/n --> OML/mdbch/b/n on input line 144.
LaTeX Font Info:    Redeclaring math alphabet \mathrm on input line 145.
LaTeX Font Info:    Overwriting math alphabet `\mathcal' in version `normal'
(Font)                  OMS/mdbch/m/n --> OMS/mdbch/m/n on input line 167.

(C:\Program Files\MiKTeX\tex/latex/xkeyval\xkeyval.sty
Package: xkeyval 2022/06/16 v2.9 package option processing (HA)

(C:\Program Files\MiKTeX\tex/generic/xkeyval\xkeyval.tex
(C:\Program Files\MiKTeX\tex/generic/xkeyval\xkvutils.tex
\XKV@toks=\toks25
\XKV@tempa@toks=\toks26
)
\XKV@depth=\count276
File: xkeyval.tex 2014/12/03 v2.7a key=value parser (HA)
))
LaTeX Font Info:    Trying to load font information for T1+mdbch on input line 
186.

(C:\Program Files\MiKTeX\tex/latex/mathdesign/mdbch\t1mdbch.fd
File: t1mdbch.fd 2013/08/29 Fontinst v1.933 font definitions for T1/mdbch.
)
LaTeX Font Info:    Font shape `T1/mdbch/m/n' will be
(Font)              scaled to size 11.52008pt on input line 186.
LaTeX Font Info:    Redeclaring math accent \widetilde on input line 449.
LaTeX Font Info:    Redeclaring math accent \widehat on input line 450.
Now handling font encoding MDA ...
... no UTF-8 mapping file for font encoding MDA
\symmathdesignA=\mathgroup7
LaTeX Font Info:    Overwriting symbol font `mathdesignA' in version `bold'
(Font)                  MDA/mdbch/m/n --> MDA/mdbch/b/n on input line 491.
Now handling font encoding MDB ...
... no UTF-8 mapping file for font encoding MDB
\symmathdesignB=\mathgroup8
LaTeX Font Info:    Overwriting symbol font `mathdesignB' in version `bold'
(Font)                  MDB/mdbch/m/n --> MDB/mdbch/b/n on input line 498.
LaTeX Font Info:    Redeclaring math accent \widetilde on input line 532.
LaTeX Font Info:    Redeclaring math accent \widehat on input line 533.
\rulethickness=\skip55
)
(C:\Program Files\MiKTeX\tex/latex/base\fontenc.sty
Package: fontenc 2021/04/29 v2.0v Standard LaTeX package
))
(C:\Program Files\MiKTeX\tex/latex/roboto\roboto.sty
Package: roboto 2022/09/10 (Bob Tennent) Supports Roboto fonts for all LaTeX en
gines.

(C:\Program Files\MiKTeX\tex/generic/iftex\ifxetex.sty
Package: ifxetex 2019/10/25 v0.7 ifxetex legacy package. Use iftex instead.
)
(C:\Program Files\MiKTeX\tex/generic/iftex\ifluatex.sty
Package: ifluatex 2019/10/25 v1.5 ifluatex legacy package. Use iftex instead.
)
(C:\Program Files\MiKTeX\tex/latex/base\textcomp.sty
Package: textcomp 2020/02/02 v2.0n Standard LaTeX package
)
(C:\Program Files\MiKTeX\tex/latex/base\fontenc.sty
Package: fontenc 2021/04/29 v2.0v Standard LaTeX package
)
(C:\Program Files\MiKTeX\tex/latex/fontaxes\fontaxes.sty
Package: fontaxes 2020/07/21 v1.0e Font selection axes
LaTeX Info: Redefining \upshape on input line 29.
LaTeX Info: Redefining \itshape on input line 31.
LaTeX Info: Redefining \slshape on input line 33.
LaTeX Info: Redefining \swshape on input line 35.
LaTeX Info: Redefining \scshape on input line 37.
LaTeX Info: Redefining \sscshape on input line 39.
LaTeX Info: Redefining \ulcshape on input line 41.
LaTeX Info: Redefining \textsw on input line 47.
LaTeX Info: Redefining \textssc on input line 48.
LaTeX Info: Redefining \textulc on input line 49.
))
(C:\Program Files\MiKTeX\tex/latex/tools\bm.sty
Package: bm 2022/01/05 v1.2f Bold Symbol Support (DPC/FMi)
\symboldoperators=\mathgroup9
\symboldletters=\mathgroup10
\symboldsymbols=\mathgroup11
\symboldlargesymbols=\mathgroup12
LaTeX Font Info:    Redeclaring math alphabet \mathbf on input line 149.
)
(C:\Program Files\MiKTeX\tex/latex/siunitx\siunitx.sty
Package: siunitx 2023-02-21 v3.2.1 A comprehensive (SI) units package
\l__siunitx_angle_tmp_dim=\dimen158
\l__siunitx_angle_marker_box=\box54
\l__siunitx_angle_unit_box=\box55
\l__siunitx_compound_count_int=\count277

(C:\Program Files\MiKTeX\tex/latex/translations\translations.sty
Package: translations 2022/02/05 v1.12 internationalization of LaTeX2e packages
 (CN)

(C:\Program Files\MiKTeX\tex/generic/pdftexcmds\pdftexcmds.sty
Package: pdftexcmds 2020-06-27 v0.33 Utility functions of pdfTeX for LuaTeX (HO
)

(C:\Program Files\MiKTeX\tex/generic/infwarerr\infwarerr.sty
Package: infwarerr 2019/12/03 v1.5 Providing info/warning/error messages (HO)
)
Package pdftexcmds Info: \pdf@primitive is available.
Package pdftexcmds Info: \pdf@ifprimitive is available.
Package pdftexcmds Info: \pdfdraftmode found.
))
\l__siunitx_number_exponent_fixed_int=\count278
\l__siunitx_number_min_decimal_int=\count279
\l__siunitx_number_min_integer_int=\count280
\l__siunitx_number_round_precision_int=\count281
\l__siunitx_number_lower_threshold_int=\count282
\l__siunitx_number_upper_threshold_int=\count283
\l__siunitx_number_group_first_int=\count284
\l__siunitx_number_group_size_int=\count285
\l__siunitx_number_group_minimum_int=\count286
\l__siunitx_table_tmp_box=\box56
\l__siunitx_table_tmp_dim=\dimen159
\l__siunitx_table_column_width_dim=\dimen160
\l__siunitx_table_integer_box=\box57
\l__siunitx_table_decimal_box=\box58
\l__siunitx_table_uncert_box=\box59
\l__siunitx_table_before_box=\box60
\l__siunitx_table_after_box=\box61
\l__siunitx_table_before_dim=\dimen161
\l__siunitx_table_carry_dim=\dimen162
\l__siunitx_unit_tmp_int=\count287
\l__siunitx_unit_position_int=\count288
\l__siunitx_unit_total_int=\count289

(C:\Program Files\MiKTeX\tex/latex/tools\array.sty
Package: array 2022/09/04 v2.5g Tabular extension package (FMi)
\col@sep=\dimen163
\ar@mcellbox=\box62
\extrarowheight=\dimen164
\NC@list=\toks27
\extratabsurround=\skip56
\backup@length=\skip57
\ar@cellbox=\box63
))

Package siunitx Info: Option "detect-all" has been deprecated in this release.
(siunitx)             
(siunitx)             Use "mode = match, propagate-math-font = true,
(siunitx)             reset-math-version = false, reset-text-family = false,
(siunitx)             reset-text-series = false, reset-text-shape = false,
(siunitx)             text-family-to-math = true, text-series-to-math = true"
(siunitx)             as a replacement.


Package siunitx Info: Option "detect-family" has been deprecated in this
(siunitx)             release.
(siunitx)             
(siunitx)             Use "reset-text-family = false, text-family-to-math =
(siunitx)             true" as a replacement.


Package siunitx Info: Option "number-unit-product" has been deprecated in this
(siunitx)             release.
(siunitx)             
(siunitx)             Use "quantity-product = \," as a replacement.


Package siunitx Info: Option "separate-uncertainty" has been deprecated in
(siunitx)             this release.
(siunitx)             
(siunitx)             Use "uncertainty-mode = separate" as a replacement.

 (stb-nomencl.sty
Package: stb-nomencl 2023/01/20 v1.0 Stellenbosh Thesis Nomenclature (DNJ ELS)

(C:\Program Files\MiKTeX\tex/latex/tools\calc.sty
Package: calc 2017/05/25 v4.3 Infix arithmetic (KKT,FJ)
\calc@Acount=\count290
\calc@Bcount=\count291
\calc@Adimen=\dimen165
\calc@Bdimen=\dimen166
\calc@Askip=\skip58
\calc@Bskip=\skip59
LaTeX Info: Redefining \setlength on input line 80.
LaTeX Info: Redefining \addtolength on input line 81.
\calc@Ccount=\count292
\calc@Cskip=\skip60
)
\STBN@tdima=\skip61
\STBN@NomGrpSep=\skip62
\NomGrpSep=\skip63
\NomItmSep=\skip64
\NomItmMrg=\skip65
\NomLblSep=\skip66
\UnitLabelWdth=\skip67
) (stb-bib.sty
Package: stb-bib 2023/01/16 1.0 (DNJ Els)

(C:\Program Files\MiKTeX\tex/latex/natbib\natbib.sty
Package: natbib 2010/09/13 8.31b (PWD, AO)
\bibhang=\skip68
\bibsep=\skip69
LaTeX Info: Redefining \cite on input line 694.
\c@NAT@ctr=\count293
))
(C:\Program Files\MiKTeX\tex/latex/tools\longtable.sty
Package: longtable 2021-09-01 v4.17 Multi-page Table package (DPC)
\LTleft=\skip70
\LTright=\skip71
\LTpre=\skip72
\LTpost=\skip73
\LTchunksize=\count294
\LTcapwidth=\dimen167
\LT@head=\box64
\LT@firsthead=\box65
\LT@foot=\box66
\LT@lastfoot=\box67
\LT@gbox=\box68
\LT@cols=\count295
\LT@rows=\count296
\c@LT@tables=\count297
\c@LT@chunks=\count298
\LT@p@ftn=\toks28
)
(C:\Program Files\MiKTeX\tex/latex/graphics\graphicx.sty
Package: graphicx 2021/09/16 v1.2d Enhanced LaTeX Graphics (DPC,SPQR)

(C:\Program Files\MiKTeX\tex/latex/graphics\graphics.sty
Package: graphics 2022/03/10 v1.4e Standard LaTeX Graphics (DPC,SPQR)

(C:\Program Files\MiKTeX\tex/latex/graphics\trig.sty
Package: trig 2021/08/11 v1.11 sin cos tan (DPC)
)
(C:\Program Files\MiKTeX\tex/latex/graphics-cfg\graphics.cfg
File: graphics.cfg 2016/06/04 v1.11 sample graphics configuration
)
Package graphics Info: Driver file: pdftex.def on input line 107.

(C:\Program Files\MiKTeX\tex/latex/graphics-def\pdftex.def
File: pdftex.def 2022/09/22 v1.2b Graphics/color driver for pdftex
))
\Gin@req@height=\dimen168
\Gin@req@width=\dimen169
)
(C:\Program Files\MiKTeX\tex/latex/caption\caption.sty
Package: caption 2022/03/01 v3.6b Customizing captions (AR)

(C:\Program Files\MiKTeX\tex/latex/caption\caption3.sty
Package: caption3 2022/03/17 v2.3b caption3 kernel (AR)
\caption@tempdima=\dimen170
\captionmargin=\dimen171
\caption@leftmargin=\dimen172
\caption@rightmargin=\dimen173
\caption@width=\dimen174
\caption@indent=\dimen175
\caption@parindent=\dimen176
\caption@hangindent=\dimen177
Package caption Info: Standard document class detected.
)
\c@caption@flags=\count299
\c@continuedfloat=\count300
Package caption Info: longtable package is loaded.

(C:\Program Files\MiKTeX\tex/latex/caption\ltcaption.sty
Package: ltcaption 2021/01/08 v1.4c longtable captions (AR)
))
(C:\Program Files\MiKTeX\tex/latex/xcolor\xcolor.sty
Package: xcolor 2022/06/12 v2.14 LaTeX color extensions (UK)

(C:\Program Files\MiKTeX\tex/latex/graphics-cfg\color.cfg
File: color.cfg 2016/01/02 v1.6 sample color configuration
)
Package xcolor Info: Driver file: pdftex.def on input line 227.

(C:\Program Files\MiKTeX\tex/latex/colortbl\colortbl.sty
Package: colortbl 2022/06/20 v1.0f Color table columns (DPC)
\everycr=\toks29
\minrowclearance=\skip74
\rownum=\count301
)
(C:\Program Files\MiKTeX\tex/latex/graphics\mathcolor.ltx)
Package xcolor Info: Model `cmy' substituted by `cmy0' on input line 1353.
Package xcolor Info: Model `hsb' substituted by `rgb' on input line 1357.
Package xcolor Info: Model `RGB' extended on input line 1369.
Package xcolor Info: Model `HTML' substituted by `rgb' on input line 1371.
Package xcolor Info: Model `Hsb' substituted by `hsb' on input line 1372.
Package xcolor Info: Model `tHsb' substituted by `hsb' on input line 1373.
Package xcolor Info: Model `HSB' substituted by `hsb' on input line 1374.
Package xcolor Info: Model `Gray' substituted by `gray' on input line 1375.
Package xcolor Info: Model `wave' substituted by `hsb' on input line 1376.
)
(C:\Program Files\MiKTeX\tex/latex/wrapfig\wrapfig.sty
\wrapoverhang=\dimen178
\WF@size=\dimen179
\c@WF@wrappedlines=\count302
\WF@box=\box69
\WF@everypar=\toks30
Package: wrapfig 2003/01/31  v 3.6
)
(C:\Program Files\MiKTeX\tex/latex/multirow\multirow.sty
Package: multirow 2021/03/15 v2.8 Span multiple rows of a table
\multirow@colwidth=\skip75
\multirow@cntb=\count303
\multirow@dima=\skip76
\bigstrutjot=\dimen180
)
(C:\Program Files\MiKTeX\tex/latex/tools\tabularx.sty
Package: tabularx 2020/01/15 v2.11c `tabularx' package (DPC)
\TX@col@width=\dimen181
\TX@old@table=\dimen182
\TX@old@col=\dimen183
\TX@target=\dimen184
\TX@delta=\dimen185
\TX@cols=\count304
\TX@ftn=\toks31
)
(C:\Program Files\MiKTeX\tex/latex/ragged2e\ragged2e.sty
Package: ragged2e 2023/02/22 v3.3 ragged2e Package
\CenteringLeftskip=\skip77
\RaggedLeftLeftskip=\skip78
\RaggedRightLeftskip=\skip79
\CenteringRightskip=\skip80
\RaggedLeftRightskip=\skip81
\RaggedRightRightskip=\skip82
\CenteringParfillskip=\skip83
\RaggedLeftParfillskip=\skip84
\RaggedRightParfillskip=\skip85
\JustifyingParfillskip=\skip86
\CenteringParindent=\skip87
\RaggedLeftParindent=\skip88
\RaggedRightParindent=\skip89
\JustifyingParindent=\skip90
)
(C:\Program Files\MiKTeX\tex/latex/microtype\microtype.sty
Package: microtype 2022/06/23 v3.0f Micro-typographical refinements (RS)
\MT@toks=\toks32
\MT@tempbox=\box70
\MT@count=\count305
LaTeX Info: Redefining \noprotrusionifhmode on input line 1045.
LaTeX Info: Redefining \leftprotrusion on input line 1046.
LaTeX Info: Redefining \rightprotrusion on input line 1056.
LaTeX Info: Redefining \textls on input line 1234.
\MT@outer@kern=\dimen186
LaTeX Info: Redefining \textmicrotypecontext on input line 1858.
\MT@listname@count=\count306

(C:\Program Files\MiKTeX\tex/latex/microtype\microtype-pdftex.def
File: microtype-pdftex.def 2022/06/23 v3.0f Definitions specific to pdftex (RS)

LaTeX Info: Redefining \lsstyle on input line 900.
LaTeX Info: Redefining \lslig on input line 900.
\MT@outer@space=\skip91
)
Package microtype Info: Loading configuration file microtype.cfg.

(C:\Program Files\MiKTeX\tex/latex/microtype\microtype.cfg
File: microtype.cfg 2022/06/23 v3.0f microtype main configuration file (RS)
))
(C:\Program Files\MiKTeX\tex/latex/hyphenat\hyphenat.sty
Package: hyphenat 2009/09/02 v2.3c hyphenation utilities
\langwohyphens=\language79
LaTeX Info: Redefining \_ on input line 43.
)
(C:\Program Files\MiKTeX\tex/latex/xpatch\xpatch.sty
(C:\Program Files\MiKTeX\tex/latex/l3kernel\expl3.sty
Package: expl3 2023-02-07 L3 programming layer (loader) 

(C:\Program Files\MiKTeX\tex/latex/l3backend\l3backend-pdftex.def
File: l3backend-pdftex.def 2023-01-16 L3 backend support: PDF output (pdfTeX)
\l__color_backend_stack_int=\count307
\l__pdf_internal_box=\box71
))
Package: xpatch 2020/03/25 v0.3a Extending etoolbox patching commands

(C:\Program Files\MiKTeX\tex/latex/l3packages/xparse\xparse.sty
Package: xparse 2023-01-16 L3 Experimental document command parser
))
(C:\Program Files\MiKTeX\tex/latex/tablefootnote\tablefootnote.sty
Package: tablefootnote 2014/01/26 v1.1c Table foot notes (HMM)

(C:\Program Files\MiKTeX\tex/latex/letltxmacro\letltxmacro.sty
Package: letltxmacro 2019/12/03 v1.6 Let assignment for LaTeX macros (HO)
)
(C:\Program Files\MiKTeX\tex/latex/xifthen\xifthen.sty
Package: xifthen 2015/11/05 v1.4.0 Extended ifthen features

(C:\Program Files\MiKTeX\tex/latex/ifmtarg\ifmtarg.sty
Package: ifmtarg 2018/04/16 v1.2b check for an empty argument
)))
(C:\Program Files\MiKTeX\tex/latex/caption\subcaption.sty
Package: subcaption 2022/01/07 v1.5 Sub-captions (AR)
\c@subfigure=\count308
\c@subtable=\count309
)
(C:\Program Files\MiKTeX\tex/latex/pdflscape\pdflscape.sty
Package: pdflscape 2022-10-27 v0.13 Display of landscape pages in PDF

(C:\Program Files\MiKTeX\tex/latex/pdflscape\pdflscape-nometadata.sty
Package: pdflscape-nometadata 2022-10-28 v0.13 Display of landscape pages in PD
F (HO)

(C:\Program Files\MiKTeX\tex/latex/graphics\lscape.sty
Package: lscape 2020/05/28 v3.02 Landscape Pages (DPC)
)
Package pdflscape Info: Auto-detected driver: pdftex on input line 81.
))
(C:\Program Files\MiKTeX\tex/latex/pdfpages\pdfpages.sty
Package: pdfpages 2022/12/19 v0.5x Insert pages of external PDF documents (AM)

(C:\Program Files\MiKTeX\tex/latex/eso-pic\eso-pic.sty
Package: eso-pic 2020/10/14 v3.0a eso-pic (RN)
\ESO@tempdima=\dimen187
\ESO@tempdimb=\dimen188
)
\AM@pagewidth=\dimen189
\AM@pageheight=\dimen190
\AM@fboxrule=\dimen191

(C:\Program Files\MiKTeX\tex/latex/pdfpages\pppdftex.def
File: pppdftex.def 2022/12/19 v0.5x Pdfpages driver for pdfTeX (AM)
)
\pdfpages@includegraphics@status=\count310
\AM@pagebox=\box72
\AM@global@opts=\toks33
\AM@pagecnt=\count311
\AM@toc@title=\toks34
\AM@lof@heading=\toks35
\c@AM@survey=\count312
\AM@templatesizebox=\box73
)
(C:\Program Files\MiKTeX\tex/latex/titlesec\titlesec.sty
Package: titlesec 2021/07/05 v2.14 Sectioning titles
\ttl@box=\box74
\beforetitleunit=\skip92
\aftertitleunit=\skip93
\ttl@plus=\dimen192
\ttl@minus=\dimen193
\ttl@toksa=\toks36
\titlewidth=\dimen194
\titlewidthlast=\dimen195
\titlewidthfirst=\dimen196
)
Package translations Info: No language package found. I am going to use `englis
h' as default language. on input line 115.
 (Report.aux
(chaps-front/chap-plagiarism.aux) (chaps-front/chap-summary.aux)
(chaps-front/chap-symbols.aux) (chaps-main/chap-intro.aux)
(chaps-main/chap-literature.aux) (chaps-main/chap-2d-sim.aux)
(chaps-main/chap-math-model.aux) (chaps-main/chap-design-requirements.aux)
(chaps-main/chap-design.aux) (chaps-main/chap-drake-simulation.aux)
(chaps-main/chap-experiment.aux) (chaps-main/chap-analysis.aux)
(chaps-main/chap-recommendations.aux) (chaps-main/chap-conclusion.aux)
(chaps-append/chap-ecsa.aux) (chaps-append/chap-budget.aux)
(chaps-append/chap-risk.aux) (chaps-append/chap-resources.aux)
(chaps-append/chap-data.aux) (chaps-append/chap-drawing.aux))
\openout1 = `Report.aux'.

LaTeX Font Info:    Checking defaults for OML/cmm/m/it on input line 115.
LaTeX Font Info:    ... okay on input line 115.
LaTeX Font Info:    Checking defaults for OMS/cmsy/m/n on input line 115.
LaTeX Font Info:    ... okay on input line 115.
LaTeX Font Info:    Checking defaults for OT1/cmr/m/n on input line 115.
LaTeX Font Info:    ... okay on input line 115.
LaTeX Font Info:    Checking defaults for T1/cmr/m/n on input line 115.
LaTeX Font Info:    ... okay on input line 115.
LaTeX Font Info:    Checking defaults for TS1/cmr/m/n on input line 115.
LaTeX Font Info:    ... okay on input line 115.
LaTeX Font Info:    Checking defaults for OMX/cmex/m/n on input line 115.
LaTeX Font Info:    ... okay on input line 115.
LaTeX Font Info:    Checking defaults for U/cmr/m/n on input line 115.
LaTeX Font Info:    ... okay on input line 115.
LaTeX Font Info:    Checking defaults for MDA/cmr/m/n on input line 115.
LaTeX Font Info:    Trying to load font information for MDA+cmr on input line 1
15.

(C:\Program Files\MiKTeX\tex/latex/mathdesign\mdacmr.fd
File: mdacmr.fd 
)
LaTeX Font Info:    ... okay on input line 115.
LaTeX Font Info:    Checking defaults for MDB/cmr/m/n on input line 115.
LaTeX Font Info:    Trying to load font information for MDB+cmr on input line 1
15.

(C:\Program Files\MiKTeX\tex/latex/mathdesign\mdbcmr.fd
File: mdbcmr.fd 
)
LaTeX Font Info:    ... okay on input line 115.

*geometry* driver: auto-detecting
*geometry* detected driver: pdftex
*geometry* verbose mode - [ preamble ] result:
* driver: pdftex
* paper: a4paper
* layout: <same size as paper>
* layoutoffset:(h,v)=(0.0pt,0.0pt)
* hratio: 1:1
* vratio: 2:3
* modes: twoside 
* h-part:(L,W,R)=(99.574pt, 398.35985pt, 99.57402pt)
* v-part:(T,H,B)=(80.20486pt, 644.53462pt, 120.30736pt)
* \paperwidth=597.50787pt
* \paperheight=845.04684pt
* \textwidth=398.35985pt
* \textheight=644.53462pt
* \oddsidemargin=27.30402pt
* \evensidemargin=27.30403pt
* \topmargin=-23.93892pt
* \headheight=12.0pt
* \headsep=19.8738pt
* \topskip=12.0pt
* \footskip=30.0pt
* \marginparwidth=50.0pt
* \marginparsep=7.0pt
* \columnsep=10.0pt
* \skip\footins=10.8pt plus 4.0pt minus 2.0pt
* \hoffset=0.0pt
* \voffset=0.0pt
* \mag=1000
* \@twocolumnfalse
* \@twosidetrue
* \@mparswitchtrue
* \@reversemarginfalse
* (1in=72.27pt=25.4mm, 1cm=28.453pt)



pdfTeX warning: pdflatex.exe (file ./stb-logo-vert.pdf): PDF inclusion: found P
DF version <1.6>, but at most version <1.5> allowed
<stb-logo-vert.pdf, id=1, 436.3492pt x 466.17764pt>
File: stb-logo-vert.pdf Graphic file (type pdf)
<use stb-logo-vert.pdf>
Package pdftex.def Info: stb-logo-vert.pdf  used on input line 115.
(pdftex.def)             Requested size: 174.53658pt x 186.46774pt.
\c@mv@tabular=\count313
\c@mv@boldtabular=\count314

(C:\Program Files\MiKTeX\tex/latex/translations/dicts\translations-basic-dictio
nary-english.trsl
File: translations-basic-dictionary-english.trsl (english translation file `tra
nslations-basic-dictionary')
)
Package translations Info: loading dictionary `translations-basic-dictionary' f
or `english'. on input line 115.
 (C:\Program Files\MiKTeX\tex/context/base/mkii\supp-pdf.mkii
[Loading MPS to PDF converter (version 2006.09.02).]
\scratchcounter=\count315
\scratchdimen=\dimen197
\scratchbox=\box75
\nofMPsegments=\count316
\nofMParguments=\count317
\everyMPshowfont=\toks37
\MPscratchCnt=\count318
\MPscratchDim=\dimen198
\MPnumerator=\count319
\makeMPintoPDFobject=\count320
\everyMPtoPDFconversion=\toks38
) (C:\Program Files\MiKTeX\tex/latex/epstopdf-pkg\epstopdf-base.sty
Package: epstopdf-base 2020-01-24 v2.11 Base part for package epstopdf
Package epstopdf-base Info: Redefining graphics rule for `.eps' on input line 4
85.

(C:\Program Files\MiKTeX\tex/latex/00miktex\epstopdf-sys.cfg
File: epstopdf-sys.cfg 2021/03/18 v2.0 Configuration of epstopdf for MiKTeX
))
Package caption Info: Begin \AtBeginDocument code.
Package caption Info: wrapfig package is loaded.
Package caption Info: End \AtBeginDocument code.
LaTeX Info: Redefining \microtypecontext on input line 115.
Package microtype Info: Applying patch `item' on input line 115.
Package microtype Info: Applying patch `toc' on input line 115.
Package microtype Info: Applying patch `eqnum' on input line 115.
Package microtype Info: Applying patch `footnote' on input line 115.
Package microtype Info: Generating PDF output.
Package microtype Info: Character protrusion enabled (level 2).
Package microtype Info: Using default protrusion set `alltext'.
Package microtype Info: Automatic font expansion enabled (level 2),
(microtype)             stretch: 20, shrink: 20, step: 1, non-selected.
Package microtype Info: Using default expansion set `alltext-nott'.
LaTeX Info: Redefining \showhyphens on input line 115.
Package microtype Info: No adjustment of tracking.
Package microtype Info: No adjustment of interword spacing.
Package microtype Info: No adjustment of character kerning.

(C:\Program Files\MiKTeX\tex/latex/microtype\mt-bch.cfg
File: mt-bch.cfg 2007/03/03 v1.5 microtype config. file: Bitstream Charter (RS)

)
LaTeX Font Info:    Font shape `T1/mdbch/m/n' will be
(Font)              scaled to size 19.91054pt on input line 118.
LaTeX Font Info:    Font shape `T1/mdbch/b/n' will be
(Font)              scaled to size 19.91054pt on input line 118.
LaTeX Font Info:    Font shape `T1/mdbch/m/n' will be
(Font)              scaled to size 13.82408pt on input line 118.
LaTeX Font Info:    Trying to load font information for OT1+mdbch on input line
 118.

(C:\Program Files\MiKTeX\tex/latex/mathdesign/mdbch\ot1mdbch.fd
File: ot1mdbch.fd 2013/08/29 Fontinst v1.933 font definitions for OT1/mdbch.
)
LaTeX Font Info:    Font shape `OT1/mdbch/m/n' will be
(Font)              scaled to size 13.82408pt on input line 118.
LaTeX Font Info:    Font shape `OT1/mdbch/m/n' will be
(Font)              scaled to size 9.60007pt on input line 118.
LaTeX Font Info:    Font shape `OT1/mdbch/m/n' will be
(Font)              scaled to size 6.72005pt on input line 118.
LaTeX Font Info:    Trying to load font information for OML+mdbch on input line
 118.

(C:\Program Files\MiKTeX\tex/latex/mathdesign/mdbch\omlmdbch.fd
File: omlmdbch.fd 2013/08/29 Fontinst v1.933 font definitions for OML/mdbch.
)
LaTeX Font Info:    Font shape `OML/mdbch/m/it' will be
(Font)              scaled to size 13.82408pt on input line 118.
LaTeX Font Info:    Font shape `OML/mdbch/m/it' will be
(Font)              scaled to size 9.60007pt on input line 118.
LaTeX Font Info:    Font shape `OML/mdbch/m/it' will be
(Font)              scaled to size 6.72005pt on input line 118.
LaTeX Font Info:    Trying to load font information for OMS+mdbch on input line
 118.

(C:\Program Files\MiKTeX\tex/latex/mathdesign/mdbch\omsmdbch.fd
File: omsmdbch.fd 2013/08/29 Fontinst v1.933 font definitions for OMS/mdbch.
)
LaTeX Font Info:    Font shape `OMS/mdbch/m/n' will be
(Font)              scaled to size 13.82408pt on input line 118.
LaTeX Font Info:    Font shape `OMS/mdbch/m/n' will be
(Font)              scaled to size 9.60007pt on input line 118.
LaTeX Font Info:    Font shape `OMS/mdbch/m/n' will be
(Font)              scaled to size 6.72005pt on input line 118.
LaTeX Font Info:    Trying to load font information for OMX+mdbch on input line
 118.

(C:\Program Files\MiKTeX\tex/latex/mathdesign/mdbch\omxmdbch.fd
File: omxmdbch.fd 2013/08/29 Fontinst v1.933 font definitions for OMX/mdbch.
)
LaTeX Font Info:    Font shape `OMX/mdbch/m/n' will be
(Font)              scaled to size 13.82408pt on input line 118.
LaTeX Font Info:    Font shape `OMX/mdbch/m/n' will be
(Font)              scaled to size 9.60007pt on input line 118.
LaTeX Font Info:    Font shape `OMX/mdbch/m/n' will be
(Font)              scaled to size 6.72005pt on input line 118.
LaTeX Font Info:    Font shape `OML/mdbch/m/n' will be
(Font)              scaled to size 13.82408pt on input line 118.
LaTeX Font Info:    Font shape `OML/mdbch/m/n' will be
(Font)              scaled to size 9.60007pt on input line 118.
LaTeX Font Info:    Font shape `OML/mdbch/m/n' will be
(Font)              scaled to size 6.72005pt on input line 118.
LaTeX Font Info:    Trying to load font information for MDA+mdbch on input line
 118.

(C:\Program Files\MiKTeX\tex/latex/mathdesign/mdbch\mdamdbch.fd
File: mdamdbch.fd 2013/08/29 Fontinst v1.933 font definitions for MDA/mdbch.
)
LaTeX Font Info:    Font shape `MDA/mdbch/m/n' will be
(Font)              scaled to size 13.82408pt on input line 118.
LaTeX Font Info:    Font shape `MDA/mdbch/m/n' will be
(Font)              scaled to size 9.60007pt on input line 118.
LaTeX Font Info:    Font shape `MDA/mdbch/m/n' will be
(Font)              scaled to size 6.72005pt on input line 118.
LaTeX Font Info:    Trying to load font information for MDB+mdbch on input line
 118.

(C:\Program Files\MiKTeX\tex/latex/mathdesign/mdbch\mdbmdbch.fd
File: mdbmdbch.fd 2013/08/29 Fontinst v1.933 font definitions for MDB/mdbch.
)
LaTeX Font Info:    Font shape `MDB/mdbch/m/n' will be
(Font)              scaled to size 13.82408pt on input line 118.
LaTeX Font Info:    Font shape `MDB/mdbch/m/n' will be
(Font)              scaled to size 9.60007pt on input line 118.
LaTeX Font Info:    Font shape `MDB/mdbch/m/n' will be
(Font)              scaled to size 6.72005pt on input line 118.
LaTeX Font Info:    Font shape `OT1/mdbch/b/n' will be
(Font)              scaled to size 13.82408pt on input line 118.
LaTeX Font Info:    Font shape `OT1/mdbch/b/n' will be
(Font)              scaled to size 9.60007pt on input line 118.
LaTeX Font Info:    Font shape `OT1/mdbch/b/n' will be
(Font)              scaled to size 6.72005pt on input line 118.
LaTeX Font Info:    Font shape `OML/mdbch/b/it' will be
(Font)              scaled to size 13.82408pt on input line 118.
LaTeX Font Info:    Font shape `OML/mdbch/b/it' will be
(Font)              scaled to size 9.60007pt on input line 118.
LaTeX Font Info:    Font shape `OML/mdbch/b/it' will be
(Font)              scaled to size 6.72005pt on input line 118.
LaTeX Font Info:    Font shape `OMS/mdbch/b/n' will be
(Font)              scaled to size 13.82408pt on input line 118.
LaTeX Font Info:    Font shape `OMS/mdbch/b/n' will be
(Font)              scaled to size 9.60007pt on input line 118.
LaTeX Font Info:    Font shape `OMS/mdbch/b/n' will be
(Font)              scaled to size 6.72005pt on input line 118.
LaTeX Font Info:    Font shape `OMX/mdbch/b/n' will be
(Font)              scaled to size 13.82408pt on input line 118.
LaTeX Font Info:    Font shape `OMX/mdbch/b/n' will be
(Font)              scaled to size 9.60007pt on input line 118.
LaTeX Font Info:    Font shape `OMX/mdbch/b/n' will be
(Font)              scaled to size 6.72005pt on input line 118.
LaTeX Font Info:    Font shape `T1/mdbch/m/n' will be
(Font)              scaled to size 16.58891pt on input line 118.
 [1



{C:/Users/Ronan/AppData/Local/MiKTeX/fonts/map/pdftex/pdftex.map} <./stb-logo-v
ert.pdf>]
\openout2 = `chaps-front/chap-plagiarism.aux'.


(chaps-front/chap-plagiarism.tex
LaTeX Font Info:    Font shape `T1/mdbch/m/n' will be
(Font)              scaled to size 23.88496pt on input line 1.
LaTeX Font Info:    Font shape `T1/mdbch/b/n' will be
(Font)              scaled to size 23.88496pt on input line 1.

Overfull \hbox (1.31987pt too wide) in paragraph at lines 11--12
\T1/mdbch/m/n/12 (-20) (in-clud-ing the in-ter-net) have been cited fully (ac-k
nowl-edged); fur-ther, all ver-ba-tim
 []


Overfull \hbox (2.80621pt too wide) in paragraph at lines 13--15
\T1/mdbch/m/n/12 (-20) sub-mit-ted it for grad-ing in this mod-ule/assignment o
r an-other mod-ule/assignment.
 []

LaTeX Font Info:    Font shape `OT1/mdbch/m/n' will be
(Font)              scaled to size 11.52008pt on input line 20.
LaTeX Font Info:    Font shape `OT1/mdbch/m/n' will be
(Font)              scaled to size 7.68005pt on input line 20.
LaTeX Font Info:    Font shape `OT1/mdbch/m/n' will be
(Font)              scaled to size 5.76004pt on input line 20.
LaTeX Font Info:    Font shape `OML/mdbch/m/it' will be
(Font)              scaled to size 11.52008pt on input line 20.
LaTeX Font Info:    Font shape `OML/mdbch/m/it' will be
(Font)              scaled to size 7.68005pt on input line 20.
LaTeX Font Info:    Font shape `OML/mdbch/m/it' will be
(Font)              scaled to size 5.76004pt on input line 20.
LaTeX Font Info:    Font shape `OMS/mdbch/m/n' will be
(Font)              scaled to size 11.52008pt on input line 20.
LaTeX Font Info:    Font shape `OMS/mdbch/m/n' will be
(Font)              scaled to size 7.68005pt on input line 20.
LaTeX Font Info:    Font shape `OMS/mdbch/m/n' will be
(Font)              scaled to size 5.76004pt on input line 20.
LaTeX Font Info:    Font shape `OMX/mdbch/m/n' will be
(Font)              scaled to size 11.52008pt on input line 20.
LaTeX Font Info:    Font shape `OMX/mdbch/m/n' will be
(Font)              scaled to size 7.68005pt on input line 20.
LaTeX Font Info:    Font shape `OMX/mdbch/m/n' will be
(Font)              scaled to size 5.76004pt on input line 20.
LaTeX Font Info:    Font shape `OML/mdbch/m/n' will be
(Font)              scaled to size 11.52008pt on input line 20.
LaTeX Font Info:    Font shape `OML/mdbch/m/n' will be
(Font)              scaled to size 7.68005pt on input line 20.
LaTeX Font Info:    Font shape `OML/mdbch/m/n' will be
(Font)              scaled to size 5.76004pt on input line 20.
LaTeX Font Info:    Font shape `MDA/mdbch/m/n' will be
(Font)              scaled to size 11.52008pt on input line 20.
LaTeX Font Info:    Font shape `MDA/mdbch/m/n' will be
(Font)              scaled to size 7.68005pt on input line 20.
LaTeX Font Info:    Font shape `MDA/mdbch/m/n' will be
(Font)              scaled to size 5.76004pt on input line 20.
LaTeX Font Info:    Font shape `MDB/mdbch/m/n' will be
(Font)              scaled to size 11.52008pt on input line 20.
LaTeX Font Info:    Font shape `MDB/mdbch/m/n' will be
(Font)              scaled to size 7.68005pt on input line 20.
LaTeX Font Info:    Font shape `MDB/mdbch/m/n' will be
(Font)              scaled to size 5.76004pt on input line 20.
LaTeX Font Info:    Font shape `OT1/mdbch/b/n' will be
(Font)              scaled to size 11.52008pt on input line 20.
LaTeX Font Info:    Font shape `OT1/mdbch/b/n' will be
(Font)              scaled to size 7.68005pt on input line 20.
LaTeX Font Info:    Font shape `OT1/mdbch/b/n' will be
(Font)              scaled to size 5.76004pt on input line 20.
LaTeX Font Info:    Font shape `OML/mdbch/b/it' will be
(Font)              scaled to size 11.52008pt on input line 20.
LaTeX Font Info:    Font shape `OML/mdbch/b/it' will be
(Font)              scaled to size 7.68005pt on input line 20.
LaTeX Font Info:    Font shape `OML/mdbch/b/it' will be
(Font)              scaled to size 5.76004pt on input line 20.
LaTeX Font Info:    Font shape `OMS/mdbch/b/n' will be
(Font)              scaled to size 11.52008pt on input line 20.
LaTeX Font Info:    Font shape `OMS/mdbch/b/n' will be
(Font)              scaled to size 7.68005pt on input line 20.
LaTeX Font Info:    Font shape `OMS/mdbch/b/n' will be
(Font)              scaled to size 5.76004pt on input line 20.
LaTeX Font Info:    Font shape `OMX/mdbch/b/n' will be
(Font)              scaled to size 11.52008pt on input line 20.
LaTeX Font Info:    Font shape `OMX/mdbch/b/n' will be
(Font)              scaled to size 7.68005pt on input line 20.
LaTeX Font Info:    Font shape `OMX/mdbch/b/n' will be
(Font)              scaled to size 5.76004pt on input line 20.
) [2


]
\openout2 = `chaps-front/chap-summary.aux'.

 (chaps-front/chap-summary.tex
LaTeX Font Info:    Font shape `T1/mdbch/b/n' will be
(Font)              scaled to size 11.52008pt on input line 6.
LaTeX Font Info:    Font shape `T1/mdbch/b/n' will be
(Font)              scaled to size 13.82408pt on input line 6.
) [3




] (Report.toc [4



]
LaTeX Font Info:    Font shape `T1/mdbch/m/sl' will be
(Font)              scaled to size 11.52008pt on input line 67.
 [5])
\tf@toc=\write3
\openout3 = `Report.toc'.

 [6
design size mismatch in local font md-chro8t in virtual font mdbchro8t.vf ignor
ed.] (Report.lof
LaTeX Font Info:    Font shape `T1/mdbch/m/it' will be
(Font)              scaled to size 11.52008pt on input line 11.

Overfull \hbox (7.22003pt too wide) in paragraph at lines 11--11
 [][] []\T1/mdbch/m/n/12 (-20) A tracked USAR robot, with pad-dles for ob-sta-c
le climb-ing (Delmerico 
 []

[7

])
\tf@lof=\write4
\openout4 = `Report.lof'.

 (Report.lot
Overfull \hbox (10.28049pt too wide) in paragraph at lines 18--18
 [][] []\T1/mdbch/m/n/12 (-20) Recorded re-sults and cal-cu-lated torque from t
he cal-i-bra-tion ex-per-i-ment. [][]  
 []

[8])
\tf@lot=\write5
\openout5 = `Report.lot'.

 [9]
\openout2 = `chaps-front/chap-symbols.aux'.

 (chaps-front/chap-symbols.tex
LaTeX Font Info:    Font shape `T1/mdbch/m/n' will be
(Font)              scaled to size 7.68005pt on input line 6.
LaTeX Font Info:    Font shape `T1/mdbch/m/n' will be
(Font)              scaled to size 5.76004pt on input line 19.
LaTeX Font Info:    Trying to load font information for TS1+mdbch on input line
 19.

(C:\Program Files\MiKTeX\tex/latex/mathdesign/mdbch\ts1mdbch.fd
File: ts1mdbch.fd 2013/08/29 Fontinst v1.933 font definitions for TS1/mdbch.
)
LaTeX Font Info:    Font shape `TS1/mdbch/m/n' will be
(Font)              scaled to size 11.52008pt on input line 19.
Package microtype Info: Character `texttwelveudash ' is missing
(microtype)             in font `TS1/mdbch/m/n/12'.
(microtype)             Ignoring protrusion settings for this character.
Package microtype Info: Character `textthreequartersemdash ' is missing
(microtype)             in font `TS1/mdbch/m/n/12'.
(microtype)             Ignoring protrusion settings for this character.
Package microtype Info: Character `textasteriskcentered ' is missing
(microtype)             in font `TS1/mdbch/m/n/12'.
(microtype)             Ignoring protrusion settings for this character.
Package microtype Info: Character `textlbrackdbl ' is missing
(microtype)             in font `TS1/mdbch/m/n/12'.
(microtype)             Ignoring protrusion settings for this character.
Package microtype Info: Character `textrbrackdbl ' is missing
(microtype)             in font `TS1/mdbch/m/n/12'.
(microtype)             Ignoring protrusion settings for this character.
Package microtype Info: Character `texttildelow ' is missing
(microtype)             in font `TS1/mdbch/m/n/12'.
(microtype)             Ignoring protrusion settings for this character.
Package microtype Info: Character `textcelsius ' is missing
(microtype)             in font `TS1/mdbch/m/n/12'.
(microtype)             Ignoring protrusion settings for this character.

Overfull \hbox (4.38464pt too wide) in paragraph at lines 45--46
[]\T1/mdbch/m/n/12 (-20) Torque ex-erted by the mo-tor of com-po-nent 7 on com-
po-nent 2 [] 
 []


Overfull \hbox (14.8505pt too wide) in paragraph at lines 47--48
[]\T1/mdbch/m/n/12 (-20) The mo-tor stalling torque when the rated volt-age is 
ap-plied [] 
 []

[10


]
Overfull \hbox (3.85594pt too wide) in paragraph at lines 91--92
[]\T1/mdbch/m/n/12 (-20) 3x1 Dis-place-ment vec-tor from the mo-tor axis to com
-po-nent n [] 
 []

[11]) [12

]
\openout2 = `chaps-main/chap-intro.aux'.

 (chaps-main/chap-intro.tex
Chapter 1.
LaTeX Font Info:    Font shape `T1/mdbch/b/n' will be
(Font)              scaled to size 16.58891pt on input line 3.

Underfull \hbox (badness 10000) in paragraph at lines 5--6

 []

<./figs//Wilson-sketch.png, id=64, 302.93175pt x 234.8775pt>
File: ./figs//Wilson-sketch.png Graphic file (type png)
<use ./figs//Wilson-sketch.png>
Package pdftex.def Info: ./figs//Wilson-sketch.png  used on input line 9.
(pdftex.def)             Requested size: 139.42838pt x 108.10588pt.
LaTeX Font Info:    Font shape `T1/mdbch/m/n' will be
(Font)              scaled to size 10.51207pt on input line 10.

Underfull \hbox (badness 5490) in paragraph at lines 14--15
\T1/mdbch/m/n/12 (+20) so res-cue or-gan-i-sa-tions use them spar-ingly.
 []


Underfull \hbox (badness 10000) in paragraph at lines 14--15

 []


Overfull \hbox (16.00053pt too wide) in paragraph at lines 18--19
\T1/mdbch/m/n/12 (-20) "LIMed" robot plat-forms (plat-forms us-ing LIMs for lo-
co-mo-tion) were built in-di-vid-u-ally
 []

<./figs//Powrie-device.png, id=66, 666.69075pt x 499.8675pt>
File: ./figs//Powrie-device.png Graphic file (type png)
<use ./figs//Powrie-device.png>
Package pdftex.def Info: ./figs//Powrie-device.png  used on input line 23.
(pdftex.def)             Requested size: 159.3415pt x 119.46724pt.

LaTeX Warning: `h' float specifier changed to `ht'.

[1





 <./figs//Wilson-sketch.png>]) [2 <./figs//Powrie-device.png>]
\openout2 = `chaps-main/chap-literature.aux'.


(chaps-main/chap-literature.tex
Chapter 2.
<./figs//stateof-tracked.png, id=76, 338.4645pt x 251.7405pt>
File: ./figs//stateof-tracked.png Graphic file (type png)
<use ./figs//stateof-tracked.png>
Package pdftex.def Info: ./figs//stateof-tracked.png  used on input line 7.
(pdftex.def)             Requested size: 139.42838pt x 103.70593pt.
LaTeX Font Info:    Font shape `T1/mdbch/m/it' will be
(Font)              scaled to size 10.51207pt on input line 8.

Underfull \hbox (badness 5652) in paragraph at lines 8--8
\T1/mdbch/m/n/10.95 (+20) climb-ing (Delmerico \T1/mdbch/m/it/10.95 (+20) et al
.\T1/mdbch/m/n/10.95 (+20) ,
 []


Package wrapfig Warning: Collision between wrapping environments on input line 
13.

<./figs//stateof-wheelleg.png, id=77, 320.397pt x 324.0105pt>
File: ./figs//stateof-wheelleg.png Graphic file (type png)
<use ./figs//stateof-wheelleg.png>
Package pdftex.def Info: ./figs//stateof-wheelleg.png  used on input line 15.
(pdftex.def)             Requested size: 139.42838pt x 141.00275pt.

Underfull \hbox (badness 1028) in paragraph at lines 12--18
\T1/mdbch/m/n/12 (+20) op-er-a-tions are crit-i-cal for re-duc-ing ca-su-al-tie
s.
 []


Underfull \hbox (badness 1939) in paragraph at lines 12--18
\T1/mdbch/m/n/12 (+20) in sce-nar-ios too small or too dan-ger-ous for
 []


Underfull \hbox (badness 5893) in paragraph at lines 12--18
\T1/mdbch/m/n/12 (+20) are ex-tremely ef-fec-tive at quickly map-ping
 []


Underfull \hbox (badness 6493) in paragraph at lines 12--18
\T1/mdbch/m/n/12 (+20) ter-rain and pro-vid-ing sit-u-a-tional aware-ness
 []


Underfull \hbox (badness 4013) in paragraph at lines 12--18
\T1/mdbch/m/n/12 (+20) to teams. Other emerg-ing ap-pli-ca-tions of
 []


Underfull \hbox (badness 1960) in paragraph at lines 12--18
\T1/mdbch/m/n/12 (+20) in-ter-ac-tion, and ex-trac-tion (Delmerico \T1/mdbch/m/
it/12 (+20) et al.\T1/mdbch/m/n/12 (+20) ,
 []


Underfull \hbox (badness 10000) in paragraph at lines 12--18

 []


Package wrapfig Warning: Stationary wrapfigure forced to float on input line 18
.


Underfull \hbox (badness 1540) in paragraph at lines 20--21
\T1/mdbch/m/n/12 (+20) as the one shown in Fig-ure 2.1[], have been
 []

[3




 <./figs//stateof-tracked.png> <./figs//stateof-wheelleg.png>]
File: ./figs//Wilson-sketch.png Graphic file (type png)
<use ./figs//Wilson-sketch.png>
Package pdftex.def Info: ./figs//Wilson-sketch.png  used on input line 26.
(pdftex.def)             Requested size: 139.42838pt x 108.10588pt.

Underfull \hbox (badness 10000) in paragraph at lines 31--32

 []


Underfull \hbox (badness 10000) in paragraph at lines 33--34

 []


Overfull \hbox (16.00053pt too wide) in paragraph at lines 35--36
\T1/mdbch/m/n/12 (-20) "LIMed" robot plat-forms (plat-forms us-ing LIMs for lo-
co-mo-tion) were built in-di-vid-u-ally
 []

<./figs//Wilson-robot.png, id=83, 838.93425pt x 631.76025pt>
File: ./figs//Wilson-robot.png Graphic file (type png)
<use ./figs//Wilson-robot.png>
Package pdftex.def Info: ./figs//Wilson-robot.png  used on input line 41.
(pdftex.def)             Requested size: 139.42838pt x 104.99748pt.

Underfull \hbox (badness 1946) in paragraph at lines 42--42
[]\T1/mdbch/m/n/10.95 (+20) Figure 2.4: |Wil-son's Robot
 []


Underfull \hbox (badness 1024) in paragraph at lines 46--47
\T1/mdbch/m/n/12 (+20) the rear set us-ing reg-u-lar wheels. How-ever,
 []

[4 <./figs//Wilson-robot.png>]
<./figs//Wilson-climbing.png, id=88, 408.3255pt x 306.54526pt>
File: ./figs//Wilson-climbing.png Graphic file (type png)
<use ./figs//Wilson-climbing.png>
Package pdftex.def Info: ./figs//Wilson-climbing.png  used on input line 52.
(pdftex.def)             Requested size: 139.42838pt x 104.67303pt.

Underfull \hbox (badness 7814) in paragraph at lines 53--53
[]\T1/mdbch/m/n/10.95 (+20) Figure 2.5: |Wil-son's half
 []


Underfull \hbox (badness 10000) in paragraph at lines 53--53
\T1/mdbch/m/n/10.95 (+20) as-sem-bly climb-ing a stair
 []


Underfull \hbox (badness 2970) in paragraph at lines 57--58
[][]\T1/mdbch/m/n/12 (+20) Wilson's robot had some lim-i-ta-tions that
 []

<./figs//Haskel-robot.png, id=89, 514.92375pt x 275.8305pt>
File: ./figs//Haskel-robot.png Graphic file (type png)
<use ./figs//Haskel-robot.png>
Package pdftex.def Info: ./figs//Haskel-robot.png  used on input line 63.
(pdftex.def)             Requested size: 139.42838pt x 74.68567pt.

Underfull \hbox (badness 1215) in paragraph at lines 67--68
\T1/mdbch/m/n/12 (+20) test the con-cept, which he named "The-seus",
 []


Underfull \hbox (badness 2435) in paragraph at lines 67--68
\T1/mdbch/m/n/12 (+20) as-sumes that us-ing LIMs for rear wheels is
 []


Underfull \hbox (badness 2418) in paragraph at lines 67--68
\T1/mdbch/m/n/12 (+20) not nec-es-sary for the stair climb-ing mo-tion,
 []


Underfull \hbox (badness 3009) in paragraph at lines 67--68
\T1/mdbch/m/n/12 (+20) and in-stead chooses to use a drag-ging tail
 []


Underfull \hbox (badness 7869) in paragraph at lines 67--68
\T1/mdbch/m/n/12 (+20) to pro-vide counter torque, sim-i-lar to the
 []


Underfull \hbox (badness 4492) in paragraph at lines 67--68
\T1/mdbch/m/n/12 (+20) tail-dragging half as-sem-bly used by Wil-son.
 []


Underfull \hbox (badness 10000) in paragraph at lines 67--68

 []

[5 <./figs//Wilson-climbing.png> <./figs//Haskel-robot.png>]
<./figs//Buch-robot.png, id=95, 780.516pt x 446.8695pt>
File: ./figs//Buch-robot.png Graphic file (type png)
<use ./figs//Buch-robot.png>
Package pdftex.def Info: ./figs//Buch-robot.png  used on input line 75.
(pdftex.def)             Requested size: 139.42838pt x 79.82617pt.

Underfull \hbox (badness 10000) in paragraph at lines 76--76
[]\T1/mdbch/m/n/10.95 (+20) Figure 2.7: |Buchanan's
 []

File: ./figs//Powrie-device.png Graphic file (type png)
<use ./figs//Powrie-device.png>
Package pdftex.def Info: ./figs//Powrie-device.png  used on input line 87.
(pdftex.def)             Requested size: 139.42838pt x 104.53288pt.

Underfull \hbox (badness 10000) in paragraph at lines 91--92

 []

<./figs//Powrie-falling.png, id=96, 614.295pt x 593.8185pt>
File: ./figs//Powrie-falling.png Graphic file (type png)
<use ./figs//Powrie-falling.png>
Package pdftex.def Info: ./figs//Powrie-falling.png  used on input line 97.
(pdftex.def)             Requested size: 199.17992pt x 192.53568pt.
[6 <./figs//Buch-robot.png>]
Underfull \hbox (badness 10000) in paragraph at lines 108--110

 []


Underfull \hbox (badness 10000) in paragraph at lines 111--112

 []

[7 <./figs//Powrie-falling.png>]
Underfull \hbox (badness 10000) in paragraph at lines 120--121

 []

<./figs//Powrie-gear-differences.png, id=106, 1187.637pt x 246.9225pt>
File: ./figs//Powrie-gear-differences.png Graphic file (type png)
<use ./figs//Powrie-gear-differences.png>
Package pdftex.def Info: ./figs//Powrie-gear-differences.png  used on input lin
e 124.
(pdftex.def)             Requested size: 358.52142pt x 74.54074pt.
) [8 <./figs//Powrie-gear-differences.png>]
\openout2 = `chaps-main/chap-2d-sim.aux'.

 (chaps-main/chap-2d-sim.tex
Chapter 3.

Underfull \hbox (badness 10000) in paragraph at lines 7--8

 []


Underfull \hbox (badness 10000) in paragraph at lines 24--25

 []


Underfull \hbox (badness 10000) in paragraph at lines 26--40

 []

[9




]
<./figs//algo-case-wheel.png, id=114, 3216.015pt x 1723.1878pt>
File: ./figs//algo-case-wheel.png Graphic file (type png)
<use ./figs//algo-case-wheel.png>
Package pdftex.def Info: ./figs//algo-case-wheel.png  used on input line 46.
(pdftex.def)             Requested size: 179.2607pt x 96.02457pt.
LaTeX Font Info:    Font shape `T1/mdbch/m/n' will be
(Font)              scaled to size 9.60007pt on input line 47.
<./figs//algo-case-frame.png, id=115, 3216.015pt x 1723.1878pt>
File: ./figs//algo-case-frame.png Graphic file (type png)
<use ./figs//algo-case-frame.png>
Package pdftex.def Info: ./figs//algo-case-frame.png  used on input line 52.
(pdftex.def)             Requested size: 179.2607pt x 96.02457pt.
<./figs//algo-case-body.png, id=116, 3216.015pt x 1723.1878pt>
File: ./figs//algo-case-body.png Graphic file (type png)
<use ./figs//algo-case-body.png>
Package pdftex.def Info: ./figs//algo-case-body.png  used on input line 63.
(pdftex.def)             Requested size: 199.17992pt x 106.69981pt.

Overfull \hbox (39.83841pt too wide) in paragraph at lines 63--64
 [][] 
 []


Underfull \hbox (badness 10000) in paragraph at lines 68--70

 []

) [10 <./figs//algo-case-wheel.png> <./figs//algo-case-frame.png> <./figs//algo
-case-body.png>]
\openout2 = `chaps-main/chap-math-model.aux'.

 (chaps-main/chap-math-model.tex
Chapter 4.

Underfull \hbox (badness 10000) in paragraph at lines 5--6

 []


Underfull \hbox (badness 10000) in paragraph at lines 9--10

 []


Underfull \hbox (badness 10000) in paragraph at lines 12--13

 []

<./figs//FBDs/Stage-1.png, id=123, 2494.82062pt x 1064.47687pt>
File: ./figs//FBDs/Stage-1.png Graphic file (type png)
<use ./figs//FBDs/Stage-1.png>
Package pdftex.def Info: ./figs//FBDs/Stage-1.png  used on input line 18.
(pdftex.def)             Requested size: 139.42838pt x 59.48035pt.

Underfull \hbox (badness 1270) in paragraph at lines 22--24
\T1/mdbch/m/n/12 (+20) step. This mo-tion ends when the LIMs are
 []


Underfull \hbox (badness 10000) in paragraph at lines 22--24

 []

<./figs//FBDs/Stage-2.png, id=124, 1308.38812pt x 1067.48813pt>
File: ./figs//FBDs/Stage-2.png Graphic file (type png)
<use ./figs//FBDs/Stage-2.png>
Package pdftex.def Info: ./figs//FBDs/Stage-2.png  used on input line 27.
(pdftex.def)             Requested size: 139.42838pt x 113.74284pt.
[11




 <./figs//FBDs/Stage-1.png>]
Underfull \hbox (badness 3514) in paragraph at lines 31--32
\T1/mdbch/m/n/12 (+20) for-ward onto the step. The dis-tance that
 []


Underfull \hbox (badness 1286) in paragraph at lines 31--32
\T1/mdbch/m/n/12 (+20) of the LIMs and the height of the step. If
 []


Underfull \hbox (badness 1092) in paragraph at lines 31--32
\T1/mdbch/m/n/12 (+20) the frames of the LIMs hits the edge of the
 []


Underfull \hbox (badness 1817) in paragraph at lines 31--32
\T1/mdbch/m/n/12 (+20) mo-tion ends when the top wheel is on the
 []


Underfull \hbox (badness 10000) in paragraph at lines 31--32

 []

<./figs//FBDs/Stage-3.png, id=129, 1872.9975pt x 708.39656pt>
File: ./figs//FBDs/Stage-3.png Graphic file (type png)
<use ./figs//FBDs/Stage-3.png>
Package pdftex.def Info: ./figs//FBDs/Stage-3.png  used on input line 36.
(pdftex.def)             Requested size: 139.42838pt x 52.7275pt.

Underfull \hbox (badness 10000) in paragraph at lines 40--41

 []

<./figs//FBDs/Stage-4.png, id=130, 2199.71812pt x 1617.79407pt>
File: ./figs//FBDs/Stage-4.png Graphic file (type png)
<use ./figs//FBDs/Stage-4.png>
Package pdftex.def Info: ./figs//FBDs/Stage-4.png  used on input line 47.
(pdftex.def)             Requested size: 139.42838pt x 102.54364pt.
<./figs//FBDs/Stage-5.png, id=131, 2199.71812pt x 1624.56938pt>
File: ./figs//FBDs/Stage-5.png Graphic file (type png)
<use ./figs//FBDs/Stage-5.png>
Package pdftex.def Info: ./figs//FBDs/Stage-5.png  used on input line 58.
(pdftex.def)             Requested size: 159.3415pt x 117.67291pt.

LaTeX Warning: `!h' float specifier changed to `!ht'.

<./figs//FBDs/Stage-6.png, id=132, 2764.3275pt x 1269.99469pt>
File: ./figs//FBDs/Stage-6.png Graphic file (type png)
<use ./figs//FBDs/Stage-6.png>
Package pdftex.def Info: ./figs//FBDs/Stage-6.png  used on input line 66.
(pdftex.def)             Requested size: 139.42838pt x 64.04605pt.
[12 <./figs//FBDs/Stage-2.png> <./figs//FBDs/Stage-3.png> <./figs//FBDs/Stage-4
.png>]
Underfull \hbox (badness 7613) in paragraph at lines 71--72
\T1/mdbch/m/n/12 (+20) the edge of a pre-vi-ous step, which now
 []


Underfull \hbox (badness 1107) in paragraph at lines 71--72
\T1/mdbch/m/n/12 (+20) ap-plies a force pulling the de-vice back-wards.
 []


Underfull \hbox (badness 2753) in paragraph at lines 71--72
\T1/mdbch/m/n/12 (+20) The back wheel lifts while the front wheel
 []


Underfull \hbox (badness 7379) in paragraph at lines 71--72
\T1/mdbch/m/n/12 (+20) rolls for-ward on the step. This mo-tion
 []


Underfull \hbox (badness 1152) in paragraph at lines 71--72
\T1/mdbch/m/n/12 (+20) ends when the front wheel reaches the next
 []


Underfull \hbox (badness 10000) in paragraph at lines 71--72

 []


Overfull \hbox (33.19482pt too wide) in paragraph at lines 74--74
|[]\T1/mdbch/b/n/17.28 (-20) Core equa-tions and as-sump-tions| 
 []


Underfull \hbox (badness 10000) in paragraph at lines 76--77

 []

<./figs//FBDs/Naming components.png, id=139, 1919.67188pt x 807.7678pt>
File: ./figs//FBDs/Naming components.png Graphic file (type png)
<use ./figs//FBDs/Naming components.png>
Package pdftex.def Info: ./figs//FBDs/Naming components.png  used on input line
 81.
(pdftex.def)             Requested size: 278.85068pt x 117.32669pt.
<./figs//FBDs/FBD-1.png, id=140, 789.70032pt x 374.90062pt>
File: ./figs//FBDs/FBD-1.png Graphic file (type png)
<use ./figs//FBDs/FBD-1.png>
Package pdftex.def Info: ./figs//FBDs/FBD-1.png  used on input line 88.
(pdftex.def)             Requested size: 318.68909pt x 151.29047pt.
<./figs//FBDs/FBD-2.png, id=141, 1087.06125pt x 542.025pt>
File: ./figs//FBDs/FBD-2.png Graphic file (type png)
<use ./figs//FBDs/FBD-2.png>
Package pdftex.def Info: ./figs//FBDs/FBD-2.png  used on input line 94.
(pdftex.def)             Requested size: 318.68909pt x 158.9035pt.

Overfull \hbox (2.33348pt too wide) in paragraph at lines 78--98
[]\T1/mdbch/m/n/12 (-20) Consider the de-vice climb-ing a step as vi-su-alised 
in Fig-ure 4.7[]. Each com-po-nent
 []


LaTeX Warning: `h' float specifier changed to `ht'.

[13 <./figs//FBDs/Stage-5.png> <./figs//FBDs/Stage-6.png>]
Underfull \hbox (badness 10000) in paragraph at lines 99--101

 []

[14 <./figs//FBDs/Naming components.png> <./figs//FBDs/FBD-1.png> <./figs//FBDs
/FBD-2.png>]
Underfull \hbox (badness 10000) in paragraph at lines 144--145

 []

[15]
Underfull \hbox (badness 10000) in paragraph at lines 184--187

 []

<./figs//FBDs/Tail-ground.png, id=158, 1377.64688pt x 524.71031pt>
File: ./figs//FBDs/Tail-ground.png Graphic file (type png)
<use ./figs//FBDs/Tail-ground.png>
Package pdftex.def Info: ./figs//FBDs/Tail-ground.png  used on input line 190.
(pdftex.def)             Requested size: 318.68909pt x 121.37738pt.
LaTeX Font Info:    Font shape `OT1/mdbch/m/n' will be
(Font)              scaled to size 10.51207pt on input line 191.
LaTeX Font Info:    Font shape `OML/mdbch/m/it' will be
(Font)              scaled to size 10.51207pt on input line 191.
LaTeX Font Info:    Font shape `OMS/mdbch/m/n' will be
(Font)              scaled to size 10.51207pt on input line 191.
LaTeX Font Info:    Font shape `OMX/mdbch/m/n' will be
(Font)              scaled to size 10.51207pt on input line 191.
LaTeX Font Info:    Font shape `OML/mdbch/m/n' will be
(Font)              scaled to size 10.51207pt on input line 191.
LaTeX Font Info:    Font shape `MDA/mdbch/m/n' will be
(Font)              scaled to size 10.51207pt on input line 191.
LaTeX Font Info:    Font shape `MDB/mdbch/m/n' will be
(Font)              scaled to size 10.51207pt on input line 191.
LaTeX Font Info:    Font shape `OT1/mdbch/b/n' will be
(Font)              scaled to size 10.51207pt on input line 191.
LaTeX Font Info:    Font shape `OML/mdbch/b/it' will be
(Font)              scaled to size 10.51207pt on input line 191.
LaTeX Font Info:    Font shape `OMS/mdbch/b/n' will be
(Font)              scaled to size 10.51207pt on input line 191.
LaTeX Font Info:    Font shape `OMX/mdbch/b/n' will be
(Font)              scaled to size 10.51207pt on input line 191.

LaTeX Warning: `!h' float specifier changed to `!ht'.

[16] [17 <./figs//FBDs/Tail-ground.png>]
Underfull \hbox (badness 10000) in paragraph at lines 252--253

 []


Underfull \hbox (badness 10000) in paragraph at lines 255--256

 []


Underfull \hbox (badness 10000) in paragraph at lines 258--259

 []

[18]
<./figs//solver-flowchart.png, id=169, 912.7701pt x 1443.4728pt>
File: ./figs//solver-flowchart.png Graphic file (type png)
<use ./figs//solver-flowchart.png>
Package pdftex.def Info: ./figs//solver-flowchart.png  used on input line 262.
(pdftex.def)             Requested size: 366.81468pt x 580.07722pt.


LaTeX Warning: `!h' float specifier changed to `!ht'.


Underfull \hbox (badness 10000) in paragraph at lines 266--267

 []

[19]

LaTeX Warning: Text page 20 contains only floats.

[20 <./figs//solver-flowchart.png>]
Underfull \hbox (badness 10000) in paragraph at lines 309--312

 []


Underfull \hbox (badness 10000) in paragraph at lines 323--327

 []

<./figs//plots/bigplot.png, id=178, 1800.0048pt x 1421.7918pt>
File: ./figs//plots/bigplot.png Graphic file (type png)
<use ./figs//plots/bigplot.png>
Package pdftex.def Info: ./figs//plots/bigplot.png  used on input line 331.
(pdftex.def)             Requested size: 398.35985pt x 314.63922pt.

LaTeX Warning: `h' float specifier changed to `ht'.

[21]
<./figs//plots/bigplot-grip.png, id=182, 1800.0048pt x 1421.7918pt>
File: ./figs//plots/bigplot-grip.png Graphic file (type png)
<use ./figs//plots/bigplot-grip.png>
Package pdftex.def Info: ./figs//plots/bigplot-grip.png  used on input line 345
.
(pdftex.def)             Requested size: 398.35985pt x 314.63922pt.


LaTeX Warning: `h' float specifier changed to `ht'.


Underfull \hbox (badness 10000) in paragraph at lines 351--352

 []

[22 <./figs//plots/bigplot.png>]
<./figs//plots/GR-torque.png, id=187, 323.2878pt x 258.7266pt>
File: ./figs//plots/GR-torque.png Graphic file (type png)
<use ./figs//plots/GR-torque.png>
Package pdftex.def Info: ./figs//plots/GR-torque.png  used on input line 355.
(pdftex.def)             Requested size: 318.68909pt x 255.05049pt.


LaTeX Warning: `h' float specifier changed to `ht'.

<./figs//plots/GR-friction.png, id=188, 323.2878pt x 258.7266pt>
File: ./figs//plots/GR-friction.png Graphic file (type png)
<use ./figs//plots/GR-friction.png>
Package pdftex.def Info: ./figs//plots/GR-friction.png  used on input line 361.

(pdftex.def)             Requested size: 318.68909pt x 255.05049pt.

LaTeX Warning: `h' float specifier changed to `ht'.

) [23 <./figs//plots/bigplot-grip.png>] [24 <./figs//plots/GR-torque.png (PNG c
opy)> <./figs//plots/GR-friction.png (PNG copy)>]
\openout2 = `chaps-main/chap-design-requirements.aux'.


(chaps-main/chap-design-requirements.tex
Chapter 5.
LaTeX Font Info:    Font shape `OT1/mdbch/m/n' will be
(Font)              scaled to size 4.80003pt on input line 13.
LaTeX Font Info:    Font shape `OML/mdbch/m/it' will be
(Font)              scaled to size 4.80003pt on input line 13.
LaTeX Font Info:    Font shape `OMS/mdbch/m/n' will be
(Font)              scaled to size 4.80003pt on input line 13.
LaTeX Font Info:    Font shape `OMX/mdbch/m/n' will be
(Font)              scaled to size 4.80003pt on input line 13.
LaTeX Font Info:    Font shape `OML/mdbch/m/n' will be
(Font)              scaled to size 4.80003pt on input line 13.
LaTeX Font Info:    Font shape `MDA/mdbch/m/n' will be
(Font)              scaled to size 4.80003pt on input line 13.
LaTeX Font Info:    Font shape `MDB/mdbch/m/n' will be
(Font)              scaled to size 4.80003pt on input line 13.
LaTeX Font Info:    Font shape `OT1/mdbch/b/n' will be
(Font)              scaled to size 4.80003pt on input line 13.
LaTeX Font Info:    Font shape `OML/mdbch/b/it' will be
(Font)              scaled to size 4.80003pt on input line 13.
LaTeX Font Info:    Font shape `OMS/mdbch/b/n' will be
(Font)              scaled to size 4.80003pt on input line 13.
LaTeX Font Info:    Font shape `OMX/mdbch/b/n' will be
(Font)              scaled to size 4.80003pt on input line 13.

Overfull \hbox (4.47609pt too wide) in paragraph at lines 15--15
[]|\T1/mdbch/m/n/10 (-20) Number| 
 []


Underfull \hbox (badness 1072) in paragraph at lines 19--19
\T1/mdbch/m/n/10 (+20) ob-structed, and climb over ob-sta-cles when it is
 []


Overfull \hbox (7.904pt too wide) in paragraph at lines 13--32
[][] 
 []

[25




]
Underfull \hbox (badness 10000) in paragraph at lines 44--45
[]|\T1/mdbch/m/n/10 (+20) Relevant
 []


Underfull \hbox (badness 10000) in paragraph at lines 44--45
\T1/mdbch/m/n/10 (+20) Stake-holder
 []


Overfull \hbox (4.8918pt too wide) in paragraph at lines 42--53
[][] 
 []


Underfull \hbox (badness 10000) in paragraph at lines 60--61
[]|\T1/mdbch/m/n/10 (+20) Relevant
 []


Underfull \hbox (badness 10000) in paragraph at lines 60--61
\T1/mdbch/m/n/10 (+20) Stake-holder
 []


Overfull \hbox (0.83131pt too wide) in paragraph at lines 62--62
[]|\T1/mdbch/m/n/10 (-20) Maximise| 
 []

LaTeX Font Info:    Font shape `T1/mdbch/m/n' will be
(Font)              scaled to size 6.72005pt on input line 62.

Overfull \hbox (0.83131pt too wide) in paragraph at lines 64--64
[]|\T1/mdbch/m/n/10 (-20) Maximise| 
 []


Overfull \hbox (0.83131pt too wide) in paragraph at lines 66--66
[]|\T1/mdbch/m/n/10 (-20) Maximise| 
 []


Overfull \hbox (0.83131pt too wide) in paragraph at lines 68--68
[]|\T1/mdbch/m/n/10 (-20) Maximise| 
 []


Overfull \hbox (1.7499pt too wide) in paragraph at lines 68--68
[]|$\OML/mdbch/m/it/10 m=s[]$| 
 []

) [26]
\openout2 = `chaps-main/chap-design.aux'.

 (chaps-main/chap-design.tex
Chapter 6.

Underfull \hbox (badness 10000) in paragraph at lines 6--7

 []

<./figs//Powrie-internals.png, id=203, 230.36063pt x 162.6075pt>
File: ./figs//Powrie-internals.png Graphic file (type png)
<use ./figs//Powrie-internals.png>
Package pdftex.def Info: ./figs//Powrie-internals.png  used on input line 15.
(pdftex.def)             Requested size: 179.2607pt x 126.53558pt.
<./figs//internals.png, id=204, 258.21469pt x 160.34906pt>
File: ./figs//internals.png Graphic file (type png)
<use ./figs//internals.png>
Package pdftex.def Info: ./figs//internals.png  used on input line 21.
(pdftex.def)             Requested size: 179.2607pt x 111.3236pt.
[27




]
<./figs//circuit-diagram.png, id=208, 786.94pt x 668.4975pt>
File: ./figs//circuit-diagram.png Graphic file (type png)
<use ./figs//circuit-diagram.png>
Package pdftex.def Info: ./figs//circuit-diagram.png  used on input line 38.
(pdftex.def)             Requested size: 318.68909pt x 270.7196pt.


LaTeX Warning: `!h' float specifier changed to `!ht'.

<./figs//controller-flowchart.png, id=209, 573.5829pt x 1171.0149pt>
File: ./figs//controller-flowchart.png Graphic file (type png)
<use ./figs//controller-flowchart.png>
Package pdftex.def Info: ./figs//controller-flowchart.png  used on input line 4
7.
(pdftex.def)             Requested size: 252.56105pt x 515.62965pt.

LaTeX Warning: `!h' float specifier changed to `!ht'.

<./figs//FBDs/lever.png, id=210, 666.99188pt x 300.3722pt>
File: ./figs//FBDs/lever.png Graphic file (type png)
<use ./figs//FBDs/lever.png>
Package pdftex.def Info: ./figs//FBDs/lever.png  used on input line 56.
(pdftex.def)             Requested size: 139.42838pt x 62.78668pt.
[28 <./figs//Powrie-internals.png> <./figs//internals.png>]
Underfull \hbox (badness 10000) in paragraph at lines 61--62

 []

<./figs//plots/colorTS1.jpg, id=216, 401.5pt x 367.3725pt>
File: ./figs//plots/colorTS1.jpg Graphic file (type jpg)
<use ./figs//plots/colorTS1.jpg>
Package pdftex.def Info: ./figs//plots/colorTS1.jpg  used on input line 66.
(pdftex.def)             Requested size: 139.42838pt x 127.57887pt.

LaTeX Warning: `!h' float specifier changed to `!ht'.


Underfull \hbox (badness 10000) in paragraph at lines 74--76

 []

[29 <./figs//circuit-diagram.png> <./figs//FBDs/lever.png>] [30 <./figs//contro
ller-flowchart.png>]
<./figs//device.png, id=226, 1806.75pt x 2793.43625pt>
File: ./figs//device.png Graphic file (type png)
<use ./figs//device.png>
Package pdftex.def Info: ./figs//device.png  used on input line 88.
(pdftex.def)             Requested size: 139.42838pt x 215.55133pt.

Underfull \hbox (badness 5637) in paragraph at lines 93--94
[]\T1/mdbch/m/n/12 (+20) To build the de-vice, the parts were laser
 []


Underfull \hbox (badness 2111) in paragraph at lines 93--94
\T1/mdbch/m/n/12 (+20) cut from Medium Den-sity Fi-bre-board (MDF)
 []


Underfull \hbox (badness 1005) in paragraph at lines 93--94
\T1/mdbch/m/n/12 (+20) and Acrylic. The outer sur-face of wheels is
 []


Underfull \hbox (badness 6725) in paragraph at lines 93--94
\T1/mdbch/m/n/12 (+20) is left to dry, in-creas-ing the grip of the
 []


Underfull \hbox (badness 8113) in paragraph at lines 93--94
\T1/mdbch/m/n/12 (+20) how-ever it was found that the laser cut
 []


Underfull \hbox (badness 3690) in paragraph at lines 93--94
\T1/mdbch/m/n/12 (+20) gears did not mesh well, caus-ing them to
 []


Underfull \hbox (badness 4805) in paragraph at lines 93--94
\T1/mdbch/m/n/12 (+20) get stuck. To ad-dress this, the teeth of
 []


Underfull \hbox (badness 2393) in paragraph at lines 93--94
\T1/mdbch/m/n/12 (+20) the gears were filed down un-til they could
 []


Underfull \hbox (badness 2591) in paragraph at lines 93--94
\T1/mdbch/m/n/12 (+20) mesh eas-ily. This has the dis-ad-van-tage of
 []


Underfull \hbox (badness 1748) in paragraph at lines 93--94
\T1/mdbch/m/n/12 (+20) in-creas-ing kick-back on the gears. How-ever,
 []


Underfull \hbox (badness 10000) in paragraph at lines 93--94

 []

<./figs//device-climbing.jpg, id=227, 4015.0pt x 1806.75pt>
File: ./figs//device-climbing.jpg Graphic file (type jpg)
<use ./figs//device-climbing.jpg>
Package pdftex.def Info: ./figs//device-climbing.jpg  used on input line 100.
(pdftex.def)             Requested size: 318.68909pt x 143.38506pt.
) [31 <./figs//plots/colorTS1.jpg> <./figs//device.png>] [32 <./figs//device-cl
imbing.jpg>]
\openout2 = `chaps-main/chap-drake-simulation.aux'.

 (chaps-main/chap-drake-simulation.tex
Chapter 7.

Underfull \hbox (badness 10000) in paragraph at lines 5--7

 []


Underfull \hbox (badness 10000) in paragraph at lines 5--7

 []


Underfull \hbox (badness 10000) in paragraph at lines 8--11

 []


Underfull \hbox (badness 10000) in paragraph at lines 12--13

 []


Underfull \hbox (badness 10000) in paragraph at lines 15--16

 []

[33




]
Underfull \hbox (badness 10000) in paragraph at lines 18--21

 []

<./figs//simulation-screenshot.png, id=238, 859.71187pt x 519.44063pt>
File: ./figs//simulation-screenshot.png Graphic file (type png)
<use ./figs//simulation-screenshot.png>
Package pdftex.def Info: ./figs//simulation-screenshot.png  used on input line 
24.
(pdftex.def)             Requested size: 318.68909pt x 192.55461pt.
) [34 <./figs//simulation-screenshot.png>]
\openout2 = `chaps-main/chap-experiment.aux'.

 (chaps-main/chap-experiment.tex
Chapter 8.

Overfull \hbox (3.26294pt too wide) in paragraph at lines 6--8
\T1/mdbch/m/n/12 (-20) volt-age and cal-cu-late the stalling torque. To char-ac
-terise the mo-tors, an ex-per-i-ment
 []

<./figs//FBDs/lever-labelled.png, id=243, 666.99188pt x 300.3722pt>
File: ./figs//FBDs/lever-labelled.png Graphic file (type png)
<use ./figs//FBDs/lever-labelled.png>
Package pdftex.def Info: ./figs//FBDs/lever-labelled.png  used on input line 14
.
(pdftex.def)             Requested size: 239.01833pt x 107.6389pt.

Underfull \hbox (badness 10000) in paragraph at lines 10--19

 []


Underfull \hbox (badness 10000) in paragraph at lines 21--31

 []

[35




 <./figs//FBDs/lever-labelled.png>]
<./figs//plots/torque-voltage-relation.png, id=248, 530.199pt x 529.761pt>
File: ./figs//plots/torque-voltage-relation.png Graphic file (type png)
<use ./figs//plots/torque-voltage-relation.png>
Package pdftex.def Info: ./figs//plots/torque-voltage-relation.png  used on inp
ut line 81.
(pdftex.def)             Requested size: 318.68909pt x 318.4249pt.


LaTeX Warning: `!h' float specifier changed to `!ht'.

[36]
Underfull \hbox (badness 10000) in paragraph at lines 96--97

 []

[37]
<./figs//experiment-setup.jpg, id=256, 4015.0pt x 1806.75pt>
File: ./figs//experiment-setup.jpg Graphic file (type jpg)
<use ./figs//experiment-setup.jpg>
Package pdftex.def Info: ./figs//experiment-setup.jpg  used on input line 100.
(pdftex.def)             Requested size: 318.68909pt x 143.38506pt.

Underfull \hbox (badness 10000) in paragraph at lines 106--114

 []

[38 <./figs//plots/torque-voltage-relation.png> <./figs//experiment-setup.jpg>]

LaTeX Warning: `!h' float specifier changed to `!ht'.

<./figs//plots/assessment-torque-relation-stage1.png, id=261, 362.007pt x 217.2
48pt>
File: ./figs//plots/assessment-torque-relation-stage1.png Graphic file (type pn
g)
<use ./figs//plots/assessment-torque-relation-stage1.png>
Package pdftex.def Info: ./figs//plots/assessment-torque-relation-stage1.png  u
sed on input line 163.
(pdftex.def)             Requested size: 318.68909pt x 191.25507pt.

LaTeX Warning: `h' float specifier changed to `ht'.


Underfull \hbox (badness 10000) in paragraph at lines 169--170

 []

[39]
Underfull \hbox (badness 10000) in paragraph at lines 172--182

 []

[40]
<./figs//plots/current-stage-1.png, id=269, 361.569pt x 221.19pt>
File: ./figs//plots/current-stage-1.png Graphic file (type png)
<use ./figs//plots/current-stage-1.png>
Package pdftex.def Info: ./figs//plots/current-stage-1.png  used on input line 
199.
(pdftex.def)             Requested size: 318.68909pt x 194.9583pt.
)

LaTeX Warning: `h' float specifier changed to `ht'.

[41 <./figs//plots/assessment-torque-relation-stage1.png>] [42 <./figs//plots/c
urrent-stage-1.png>]
\openout2 = `chaps-main/chap-analysis.aux'.

 (chaps-main/chap-analysis.tex
Chapter 9.
<./figs//plots/torque-stage-1.png, id=278, 362.007pt x 220.971pt>
File: ./figs//plots/torque-stage-1.png Graphic file (type png)
<use ./figs//plots/torque-stage-1.png>
Package pdftex.def Info: ./figs//plots/torque-stage-1.png  used on input line 1
2.
(pdftex.def)             Requested size: 179.2607pt x 109.42311pt.
File: ./figs//plots/current-stage-1.png Graphic file (type png)
<use ./figs//plots/current-stage-1.png>
Package pdftex.def Info: ./figs//plots/current-stage-1.png  used on input line 
18.
(pdftex.def)             Requested size: 179.2607pt x 109.6632pt.

Underfull \hbox (badness 10000) in paragraph at lines 29--30

 []

<./figs//plots/torque-experiment.png, id=279, 443.913pt x 268.713pt>
File: ./figs//plots/torque-experiment.png Graphic file (type png)
<use ./figs//plots/torque-experiment.png>
Package pdftex.def Info: ./figs//plots/torque-experiment.png  used on input lin
e 33.
(pdftex.def)             Requested size: 318.68909pt x 192.91147pt.
[43




 <./figs//plots/torque-stage-1.png>]
Underfull \hbox (badness 10000) in paragraph at lines 38--39

 []


Underfull \hbox (badness 10000) in paragraph at lines 40--41

 []

<./figs//plots/torque-comparison.png, id=285, 444.132pt x 268.494pt>
File: ./figs//plots/torque-comparison.png Graphic file (type png)
<use ./figs//plots/torque-comparison.png>
Package pdftex.def Info: ./figs//plots/torque-comparison.png  used on input lin
e 44.
(pdftex.def)             Requested size: 318.68909pt x 192.66002pt.

LaTeX Warning: `!h' float specifier changed to `!ht'.

<./figs//plots/torque-comparison-tail.png, id=286, 443.475pt x 268.713pt>
File: ./figs//plots/torque-comparison-tail.png Graphic file (type png)
<use ./figs//plots/torque-comparison-tail.png>
Package pdftex.def Info: ./figs//plots/torque-comparison-tail.png  used on inpu
t line 56.
(pdftex.def)             Requested size: 179.2607pt x 108.61905pt.
<./figs//plots/torque-comparison-mass.png, id=287, 443.256pt x 268.494pt>
File: ./figs//plots/torque-comparison-mass.png Graphic file (type png)
<use ./figs//plots/torque-comparison-mass.png>
Package pdftex.def Info: ./figs//plots/torque-comparison-mass.png  used on inpu
t line 62.
(pdftex.def)             Requested size: 179.2607pt x 108.58379pt.
[44 <./figs//plots/torque-experiment.png>]
Underfull \hbox (badness 10000) in paragraph at lines 74--75

 []


Overfull \hbox (60.10907pt too wide) in paragraph at lines 81--88
 [][] 
 []


Underfull \hbox (badness 10000) in paragraph at lines 90--91

 []

[45 <./figs//plots/torque-comparison.png> <./figs//plots/torque-comparison-tail
.png> <./figs//plots/torque-comparison-mass.png>]
Underfull \hbox (badness 10000) in paragraph at lines 92--93

 []

<./figs//imbalanced-climbing.jpg, id=298, 3072.47874pt x 1804.7425pt>
File: ./figs//imbalanced-climbing.jpg Graphic file (type jpg)
<use ./figs//imbalanced-climbing.jpg>
Package pdftex.def Info: ./figs//imbalanced-climbing.jpg  used on input line 96
.
(pdftex.def)             Requested size: 139.42838pt x 81.89836pt.

Underfull \hbox (badness 10000) in paragraph at lines 101--102

 []

[46 <./figs//imbalanced-climbing.jpg>]
<./figs//FBDs/Stage-3-LIM-contact.png, id=302, 1809.00844pt x 709.90219pt>
File: ./figs//FBDs/Stage-3-LIM-contact.png Graphic file (type png)
<use ./figs//FBDs/Stage-3-LIM-contact.png>
Package pdftex.def Info: ./figs//FBDs/Stage-3-LIM-contact.png  used on input li
ne 105.
(pdftex.def)             Requested size: 139.42838pt x 54.71355pt.

Underfull \hbox (badness 10000) in paragraph at lines 109--111

 []


Underfull \hbox (badness 10000) in paragraph at lines 112--113

 []

[47 <./figs//FBDs/Stage-3-LIM-contact.png>]
<./figs//FBDs/lever-swinging.png, id=307, 725.71124pt x 310.91156pt>
File: ./figs//FBDs/lever-swinging.png Graphic file (type png)
<use ./figs//FBDs/lever-swinging.png>
Package pdftex.def Info: ./figs//FBDs/lever-swinging.png  used on input line 11
6.
(pdftex.def)             Requested size: 239.01833pt x 102.40187pt.
) [48 <./figs//FBDs/lever-swinging.png>]
\openout2 = `chaps-main/chap-recommendations.aux'.

 (chaps-main/chap-recommendations.tex
Chapter 10.

Overfull \hbox (20.49806pt too wide) in paragraph at lines 1--1
|[]\T1/mdbch/b/n/24.88 (-20) Recommendations for fu-ture work| 
 []

)
Underfull \hbox (badness 10000) in paragraph at lines 8--145

 []

[49




]
\openout2 = `chaps-main/chap-conclusion.aux'.

 (chaps-main/chap-conclusion.tex
Chapter 11.

Underfull \hbox (badness 10000) in paragraph at lines 3--4

 []


Underfull \hbox (badness 10000) in paragraph at lines 5--6

 []


Underfull \hbox (badness 10000) in paragraph at lines 7--8

 []

) [50




]
\openout2 = `chaps-append/chap-ecsa.aux'.

 (chaps-append/chap-ecsa.tex
Appendix A.

Underfull \hbox (badness 10000) in paragraph at lines 11--12
[]|\T1/mdbch/m/n/10 (+20) Demonstrate com-pe-tence to iden-tify, as-sess,
 []


Underfull \hbox (badness 1043) in paragraph at lines 11--12
\T1/mdbch/m/n/10 (+20) for-mu-late and solve con-ver-gent and di-ver-gent
 []


Underfull \hbox (badness 5817) in paragraph at lines 13--14
[]|\T1/mdbch/m/n/10 (+20) The de-sign as-pect of this project
 []


Underfull \hbox (badness 3668) in paragraph at lines 17--18
[]|\T1/mdbch/m/n/10 (+20) Producing the math-e-mat-i-cal model
 []


Underfull \hbox (badness 1769) in paragraph at lines 19--19
\T1/mdbch/m/n/10 (+20) de-sign and syn-the-sis of com-po-nents, sys-tems,
 []


Underfull \hbox (badness 10000) in paragraph at lines 25--26
[]|\T1/mdbch/m/n/10 (+20) Professional and tech-ni-cal com-mu-ni-ca-tion:
 []


Underfull \hbox (badness 10000) in paragraph at lines 25--26
\T1/mdbch/m/n/10 (+20) Demon-strate com-pe-tence to com-mu-ni-cate
 []


Underfull \hbox (badness 3861) in paragraph at lines 25--26
\T1/mdbch/m/n/10 (+20) ef-fec-tively, both orally and in writ-ing, with
 []


Underfull \hbox (badness 10000) in paragraph at lines 27--28
[]|\T1/mdbch/m/n/10 (+20) All de-liv-er-ables, in-clud-ing the
 []


Underfull \hbox (badness 10000) in paragraph at lines 27--28
\T1/mdbch/m/n/10 (+20) pro-posal, progress re-port, fi-nal
 []


Underfull \hbox (badness 10000) in paragraph at lines 27--28
\T1/mdbch/m/n/10 (+20) re-port, and pre-sen-ta-tion will
 []


Underfull \hbox (badness 10000) in paragraph at lines 33--34
[]|\T1/mdbch/m/n/10 (+20) Independent Learn-ing Abil-ity: Demon-strate
 []


Overfull \hbox (1.8796pt too wide) in paragraph at lines 7--38
[][] 
 []

) [51




]
\openout2 = `chaps-append/chap-budget.aux'.

 (chaps-append/chap-budget.tex
Appendix B.

Overfull \hbox (32.21353pt too wide) in paragraph at lines 1--1
|[]\T1/mdbch/b/n/24.88 (-20) Techno-economic anal-y-sis| 
 []

\colB=\skip94
\colC=\skip95
\combinedlength=\skip96

Underfull \hbox (badness 10000) in paragraph at lines 21--21
[]|\T1/mdbch/m/n/10 (+20) Engineering
 []


Overfull \hbox (1.06133pt too wide) in paragraph at lines 22--22
[]|\T1/mdbch/m/n/10 (-20) Running
 []


Underfull \hbox (badness 10000) in paragraph at lines 23--23
[]|\T1/mdbch/m/n/10 (-19) Facility
 []


Underfull \hbox (badness 10000) in paragraph at lines 26--26
[]|\T1/mdbch/m/n/10 (+20) MMW
 []


Overfull \hbox (5.52977pt too wide) in paragraph at lines 26--26
\T1/mdbch/m/n/10 (-20) Ma-te-rial| 
 []


Underfull \hbox (badness 10000) in paragraph at lines 31--31
[]|\T1/mdbch/m/n/10 (+20) Review
 []


Underfull \hbox (badness 10000) in paragraph at lines 33--33
[]|\T1/mdbch/m/n/10 (+20) 2D
 []


Underfull \hbox (badness 10000) in paragraph at lines 37--37
[]|\T1/mdbch/m/n/10 (+20) Compile
 []


Underfull \hbox (badness 10000) in paragraph at lines 37--37
\T1/mdbch/m/n/10 (+20) De-sign
 []


Underfull \hbox (badness 10000) in paragraph at lines 39--39
[]|\T1/mdbch/m/n/10 (+20) Design
 []


Underfull \hbox (badness 10000) in paragraph at lines 41--41
[]|\T1/mdbch/m/n/10 (+20) Simulate
 []


Underfull \hbox (badness 10000) in paragraph at lines 43--43
[]|\T1/mdbch/m/n/10 (+20) Produce
 []


Underfull \hbox (badness 10000) in paragraph at lines 45--45
[]|\T1/mdbch/m/n/10 (+20) Validate
 []


Underfull \hbox (badness 10000) in paragraph at lines 47--47
[]|\T1/mdbch/m/n/10 (+20) Finalise
 []


Overfull \hbox (2.58508pt too wide) in paragraph at lines 49--50
 []|\T1/mdbch/m/n/10 (-20) 247700|
 []


Overfull \hbox (31.55707pt too wide) in paragraph at lines 18--52
 [][] 
 []

<./figs//gantt.png, id=322, 791.20593pt x 210.03468pt>
File: ./figs//gantt.png Graphic file (type png)
<use ./figs//gantt.png>
Package pdftex.def Info: ./figs//gantt.png  used on input line 58.
(pdftex.def)             Requested size: 637.37817pt x 169.20094pt.

LaTeX Warning: Float too large for page by 16.44354pt on input line 60.


LaTeX Warning: `h' float specifier changed to `ht'.

) [52




] [53 <./figs//gantt.png>]
\openout2 = `chaps-append/chap-risk.aux'.

 (chaps-append/chap-risk.tex
Appendix C.

Underfull \hbox (badness 10000) in paragraph at lines 3--4

 []


Underfull \hbox (badness 10000) in paragraph at lines 5--7

 []


Underfull \hbox (badness 10000) in paragraph at lines 8--9

 []


Overfull \hbox (5.35008pt too wide) in paragraph at lines 10--11
\T1/mdbch/m/n/12 (-20) parts, en-coders, con-trollers, and pos-si-bly bat-ter-i
es, which could have a con-sid-er-able
 []


Underfull \hbox (badness 10000) in paragraph at lines 10--11

 []

) [54




]
\openout2 = `chaps-append/chap-resources.aux'.

 (chaps-append/chap-resources.tex
Appendix D.
) [55




]
\openout2 = `chaps-append/chap-data.aux'.

 (chaps-append/chap-data.tex
Appendix E.

Overfull \hbox (4.80862pt too wide) in paragraph at lines 8--23
 [][] 
 []

[56




] [57

] [58] [59] [60])
\openout2 = `chaps-append/chap-drawing.aux'.

 (chaps-append/chap-drawing.tex
Appendix F.


pdfTeX warning: pdflatex.exe (file ./chaps-append/STAIR-CLIMBER.pdf): PDF inclu
sion: found PDF version <1.6>, but at most version <1.5> allowed
<chaps-append/STAIR-CLIMBER.pdf, id=352, 1166.3575pt x 817.0525pt>
File: chaps-append/STAIR-CLIMBER.pdf Graphic file (type pdf)
<use chaps-append/STAIR-CLIMBER.pdf>
Package pdftex.def Info: chaps-append/STAIR-CLIMBER.pdf  used on input line 8.
(pdftex.def)             Requested size: 1166.35466pt x 817.05052pt.


pdfTeX warning: pdflatex.exe (file ./chaps-append/STAIR-CLIMBER.pdf): PDF inclu
sion: found PDF version <1.6>, but at most version <1.5> allowed
File: chaps-append/STAIR-CLIMBER.pdf Graphic file (type pdf)
<use chaps-append/STAIR-CLIMBER.pdf>
Package pdftex.def Info: chaps-append/STAIR-CLIMBER.pdf  used on input line 8.
(pdftex.def)             Requested size: 1166.35466pt x 817.05052pt.


pdfTeX warning: pdflatex.exe (file ./chaps-append/STAIR-CLIMBER.pdf): PDF inclu
sion: found PDF version <1.6>, but at most version <1.5> allowed


pdfTeX warning: pdflatex.exe (file ./chaps-append/STAIR-CLIMBER.pdf): PDF inclu
sion: found PDF version <1.6>, but at most version <1.5> allowed
<chaps-append/STAIR-CLIMBER.pdf, id=355, page=1, 1166.3575pt x 817.0525pt>
File: chaps-append/STAIR-CLIMBER.pdf Graphic file (type pdf)
<use chaps-append/STAIR-CLIMBER.pdf, page 1>
Package pdftex.def Info: chaps-append/STAIR-CLIMBER.pdf , page1 used on input l
ine 8.
(pdftex.def)             Requested size: 1166.35466pt x 817.05052pt.
File: chaps-append/STAIR-CLIMBER.pdf Graphic file (type pdf)
<use chaps-append/STAIR-CLIMBER.pdf, page 1>
Package pdftex.def Info: chaps-append/STAIR-CLIMBER.pdf , page1 used on input l
ine 8.
(pdftex.def)             Requested size: 1166.42584pt x 817.10039pt.
[61





]
File: chaps-append/STAIR-CLIMBER.pdf Graphic file (type pdf)
<use chaps-append/STAIR-CLIMBER.pdf, page 1>
Package pdftex.def Info: chaps-append/STAIR-CLIMBER.pdf , page1 used on input l
ine 8.
(pdftex.def)             Requested size: 1166.42584pt x 817.10039pt.
File: chaps-append/STAIR-CLIMBER.pdf Graphic file (type pdf)
<use chaps-append/STAIR-CLIMBER.pdf, page 1>
Package pdftex.def Info: chaps-append/STAIR-CLIMBER.pdf , page1 used on input l
ine 8.
(pdftex.def)             Requested size: 1166.42584pt x 817.10039pt.
File: chaps-append/STAIR-CLIMBER.pdf Graphic file (type pdf)
<use chaps-append/STAIR-CLIMBER.pdf, page 1>
Package pdftex.def Info: chaps-append/STAIR-CLIMBER.pdf , page1 used on input l
ine 8.
(pdftex.def)             Requested size: 1166.42584pt x 817.10039pt.
 [62 <./chaps-append/STAIR-CLIMBER.pdf>]

pdfTeX warning: pdflatex.exe (file ./chaps-append/STAIR-CLIMBER.pdf): PDF inclu
sion: found PDF version <1.6>, but at most version <1.5> allowed
<chaps-append/STAIR-CLIMBER.pdf, id=383, page=2, 1166.3575pt x 817.0525pt>
File: chaps-append/STAIR-CLIMBER.pdf Graphic file (type pdf)
<use chaps-append/STAIR-CLIMBER.pdf, page 2>
Package pdftex.def Info: chaps-append/STAIR-CLIMBER.pdf , page2 used on input l
ine 8.
(pdftex.def)             Requested size: 1166.42584pt x 817.10039pt.
File: chaps-append/STAIR-CLIMBER.pdf Graphic file (type pdf)
<use chaps-append/STAIR-CLIMBER.pdf, page 2>
Package pdftex.def Info: chaps-append/STAIR-CLIMBER.pdf , page2 used on input l
ine 8.
(pdftex.def)             Requested size: 1166.42584pt x 817.10039pt.
File: chaps-append/STAIR-CLIMBER.pdf Graphic file (type pdf)
<use chaps-append/STAIR-CLIMBER.pdf, page 2>
Package pdftex.def Info: chaps-append/STAIR-CLIMBER.pdf , page2 used on input l
ine 8.
(pdftex.def)             Requested size: 1166.42584pt x 817.10039pt.
[63 <./chaps-append/STAIR-CLIMBER.pdf>]

pdfTeX warning: pdflatex.exe (file ./chaps-append/STAIR-CLIMBER.pdf): PDF inclu
sion: found PDF version <1.6>, but at most version <1.5> allowed
<chaps-append/STAIR-CLIMBER.pdf, id=409, page=3, 1166.3575pt x 817.0525pt>
File: chaps-append/STAIR-CLIMBER.pdf Graphic file (type pdf)
<use chaps-append/STAIR-CLIMBER.pdf, page 3>
Package pdftex.def Info: chaps-append/STAIR-CLIMBER.pdf , page3 used on input l
ine 8.
(pdftex.def)             Requested size: 1166.42584pt x 817.10039pt.
File: chaps-append/STAIR-CLIMBER.pdf Graphic file (type pdf)
<use chaps-append/STAIR-CLIMBER.pdf, page 3>
Package pdftex.def Info: chaps-append/STAIR-CLIMBER.pdf , page3 used on input l
ine 8.
(pdftex.def)             Requested size: 1166.42584pt x 817.10039pt.
File: chaps-append/STAIR-CLIMBER.pdf Graphic file (type pdf)
<use chaps-append/STAIR-CLIMBER.pdf, page 3>
Package pdftex.def Info: chaps-append/STAIR-CLIMBER.pdf , page3 used on input l
ine 8.
(pdftex.def)             Requested size: 1166.42584pt x 817.10039pt.
[64 <./chaps-append/STAIR-CLIMBER.pdf>]

pdfTeX warning: pdflatex.exe (file ./chaps-append/STAIR-CLIMBER.pdf): PDF inclu
sion: found PDF version <1.6>, but at most version <1.5> allowed
<chaps-append/STAIR-CLIMBER.pdf, id=440, page=4, 1166.3575pt x 817.0525pt>
File: chaps-append/STAIR-CLIMBER.pdf Graphic file (type pdf)
<use chaps-append/STAIR-CLIMBER.pdf, page 4>
Package pdftex.def Info: chaps-append/STAIR-CLIMBER.pdf , page4 used on input l
ine 8.
(pdftex.def)             Requested size: 1166.42584pt x 817.10039pt.
File: chaps-append/STAIR-CLIMBER.pdf Graphic file (type pdf)
<use chaps-append/STAIR-CLIMBER.pdf, page 4>
Package pdftex.def Info: chaps-append/STAIR-CLIMBER.pdf , page4 used on input l
ine 8.
(pdftex.def)             Requested size: 1166.42584pt x 817.10039pt.
File: chaps-append/STAIR-CLIMBER.pdf Graphic file (type pdf)
<use chaps-append/STAIR-CLIMBER.pdf, page 4>
Package pdftex.def Info: chaps-append/STAIR-CLIMBER.pdf , page4 used on input l
ine 8.
(pdftex.def)             Requested size: 1166.42584pt x 817.10039pt.
[65 <./chaps-append/STAIR-CLIMBER.pdf>]) (Report.bbl (stb-bib.eng)
LaTeX Font Info:    Font shape `T1/cmtt/m/n' will be
(Font)              scaled to size 11.73846pt on input line 49.
Package microtype Info: Loading generic protrusion settings for font family
(microtype)             `cmtt' (encoding: T1).
(microtype)             For optimal results, create family-specific settings.
(microtype)             See the microtype manual for details.

Underfull \hbox (badness 5431) in paragraph at lines 37--51
\T1/mdbch/m/n/10.95 (+20) C., Hut-ter, M., Ijspeert, A., Flo-re-ano, D., Gam-ba
rdella, L.M., Sieg-wart,
 []


Underfull \hbox (badness 2134) in paragraph at lines 37--51
\T1/mdbch/m/n/10.95 (+20) R. and Scara-muzza, D. (2019).  The cur-rent state an
d fu-ture out-look of
 []


Underfull \hbox (badness 1694) in paragraph at lines 37--51
\T1/mdbch/m/n/10.95 (+20) res-cue robotics.  \T1/mdbch/m/it/10.95 (+20) Jour-na
l of Field Robotics\T1/mdbch/m/n/10.95 (+20) , vol. 36, no. 7, pp. 1171--1191.
 []


Overfull \hbox (16.69037pt too wide) in paragraph at lines 37--51
\T1/mdbch/m/n/10.95 (-20) Available at: \T1/cmtt/m/n/10.95 https://onlinelibrar
y.wiley.com/doi/abs/10.1002/rob.21887 
 []

) [66




] (Report.aux (chaps-front/chap-plagiarism.aux)
(chaps-front/chap-summary.aux) (chaps-front/chap-symbols.aux)
(chaps-main/chap-intro.aux) (chaps-main/chap-literature.aux)
(chaps-main/chap-2d-sim.aux) (chaps-main/chap-math-model.aux)
(chaps-main/chap-design-requirements.aux) (chaps-main/chap-design.aux)
(chaps-main/chap-drake-simulation.aux) (chaps-main/chap-experiment.aux)
(chaps-main/chap-analysis.aux) (chaps-main/chap-recommendations.aux)
(chaps-main/chap-conclusion.aux) (chaps-append/chap-ecsa.aux)
(chaps-append/chap-budget.aux) (chaps-append/chap-risk.aux)
(chaps-append/chap-resources.aux) (chaps-append/chap-data.aux)
(chaps-append/chap-drawing.aux)) ) 
Here is how much of TeX's memory you used:
 17910 strings out of 476339
 372687 string characters out of 5797934
 1899340 words of memory out of 5000000
 37283 multiletter control sequences out of 15000+600000
 635129 words of font info for 532 fonts, out of 8000000 for 9000
 1142 hyphenation exceptions out of 8191
 73i,18n,117p,1855b,662s stack positions out of 10000i,1000n,20000p,200000b,200000s
 <C:\Users\Ronan\AppData\Local\MiKTeX\fonts/p
k/ljfour/jknappen/ec/dpi643\ectt1095.pk>{C:/Program Files/MiKTeX/fonts/enc/dvip
s/ly1/texnansi.enc}<C:/Program Files/MiKTeX/fonts/type1/bitstrea/charter/bchb8a
.pfb><C:/Program Files/MiKTeX/fonts/type1/bitstrea/charter/bchr8a.pfb><C:/Progr
am Files/MiKTeX/fonts/type1/bitstrea/charter/bchr8a.pfb><C:/Program Files/MiKTe
X/fonts/type1/bitstrea/charter/bchri8a.pfb><C:/Program Files/MiKTeX/fonts/type1
/mathdesign/mdbch/md-chb8t.pfb><C:/Program Files/MiKTeX/fonts/type1/mathdesign/
mdbch/md-chr7m.pfb><C:/Program Files/MiKTeX/fonts/type1/mathdesign/mdbch/md-chr
7t.pfb><C:/Program Files/MiKTeX/fonts/type1/mathdesign/mdbch/md-chr7v.pfb><C:/P
rogram Files/MiKTeX/fonts/type1/mathdesign/mdbch/md-chr7y.pfb><C:/Program Files
/MiKTeX/fonts/type1/mathdesign/mdbch/md-chr8t.pfb><C:/Program Files/MiKTeX/font
s/type1/mathdesign/mdbch/md-chri7m.pfb><C:/Program Files/MiKTeX/fonts/type1/mat
hdesign/mdbch/md-chri8t.pfb>
Output written on Report.pdf (78 pages, 28188498 bytes).
PDF statistics:
 580 PDF objects out of 1000 (max. 8388607)
 0 named destinations out of 1000 (max. 500000)
 148264 words of extra memory for PDF output out of 154059 (max. 10000000)

