\BOOKMARK [0][-]{chapter*.1}{\376\377\000P\000l\000a\000g\000i\000a\000r\000i\000s\000m\000\040\000d\000e\000c\000l\000a\000r\000a\000t\000i\000o\000n}{}% 1
\BOOKMARK [0][-]{chapter*.2}{\376\377\000E\000x\000e\000c\000u\000t\000i\000v\000e\000\040\000s\000u\000m\000m\000a\000r\000y}{}% 2
\BOOKMARK [0][-]{chapter*.3}{\376\377\000T\000a\000b\000l\000e\000\040\000o\000f\000\040\000c\000o\000n\000t\000e\000n\000t\000s}{}% 3
\BOOKMARK [0][-]{chapter*.4}{\376\377\000L\000i\000s\000t\000\040\000o\000f\000\040\000f\000i\000g\000u\000r\000e\000s}{}% 4
\BOOKMARK [0][-]{chapter*.5}{\376\377\000L\000i\000s\000t\000\040\000o\000f\000\040\000t\000a\000b\000l\000e\000s}{}% 5
\BOOKMARK [0][-]{chapter*.6}{\376\377\000L\000i\000s\000t\000\040\000o\000f\000\040\000s\000y\000m\000b\000o\000l\000s}{}% 6
\BOOKMARK [0][-]{chapter.1}{\376\377\000I\000n\000t\000r\000o\000d\000u\000c\000t\000i\000o\000n}{}% 7
\BOOKMARK [1][-]{section.1.1}{\376\377\000B\000a\000c\000k\000g\000r\000o\000u\000n\000d}{chapter.1}% 8
\BOOKMARK [1][-]{section.1.2}{\376\377\000O\000b\000j\000e\000c\000t\000i\000v\000e\000s}{chapter.1}% 9
\BOOKMARK [1][-]{section.1.3}{\376\377\000M\000o\000t\000i\000v\000a\000t\000i\000o\000n}{chapter.1}% 10
\BOOKMARK [0][-]{chapter.2}{\376\377\000L\000i\000t\000e\000r\000a\000t\000u\000r\000e\000\040\000r\000e\000v\000i\000e\000w}{}% 11
\BOOKMARK [1][-]{section.2.1}{\376\377\000U\000S\000A\000R\000\040\000r\000o\000b\000o\000t\000s}{chapter.2}% 12
\BOOKMARK [1][-]{section.2.2}{\376\377\000L\000o\000a\000d\000-\000I\000n\000t\000u\000i\000t\000i\000v\000e\000\040\000M\000o\000d\000u\000l\000e\000s}{chapter.2}% 13
\BOOKMARK [2][-]{subsection.2.2.1}{\376\377\000W\000i\000l\000s\000o\000n\000'\000s\000\040\000L\000I\000M\000\040\000r\000o\000b\000o\000t}{section.2.2}% 14
\BOOKMARK [2][-]{subsection.2.2.2}{\376\377\000H\000a\000s\000k\000e\000l\000'\000s\000\040\000T\000h\000e\000s\000e\000u\000s}{section.2.2}% 15
\BOOKMARK [2][-]{subsection.2.2.3}{\376\377\000B\000u\000c\000h\000a\000n\000a\000n\000'\000s\000\040\000A\000s\000c\000e\000n\000d\000e\000r}{section.2.2}% 16
\BOOKMARK [2][-]{subsection.2.2.4}{\376\377\000P\000o\000w\000r\000i\000e\000'\000s\000\040\000D\000i\000-\000W\000h\000e\000e\000l\000\040\000r\000o\000b\000o\000t}{section.2.2}% 17
\BOOKMARK [2][-]{subsection.2.2.5}{\376\377\000G\000e\000a\000r\000i\000n\000g}{section.2.2}% 18
\BOOKMARK [0][-]{chapter.3}{\376\377\000T\000w\000o\000-\000d\000i\000m\000e\000n\000s\000i\000o\000n\000a\000l\000\040\000s\000i\000m\000u\000l\000a\000t\000i\000o\000n}{}% 19
\BOOKMARK [1][-]{section.3.1}{\376\377\000L\000i\000m\000i\000t\000a\000t\000i\000o\000n\000s}{chapter.3}% 20
\BOOKMARK [1][-]{section.3.2}{\376\377\000O\000b\000s\000e\000r\000v\000a\000t\000i\000o\000n\000s}{chapter.3}% 21
\BOOKMARK [0][-]{chapter.4}{\376\377\000M\000a\000t\000h\000s\000\040\000M\000o\000d\000e\000l}{}% 22
\BOOKMARK [1][-]{section.4.1}{\376\377\000O\000v\000e\000r\000v\000i\000e\000w\000\040\000a\000n\000d\000\040\000o\000b\000j\000e\000c\000t\000i\000v\000e\000s}{chapter.4}% 23
\BOOKMARK [1][-]{section.4.2}{\376\377\000D\000e\000f\000i\000n\000i\000t\000i\000o\000n\000\040\000o\000f\000\040\000m\000o\000t\000i\000o\000n\000s}{chapter.4}% 24
\BOOKMARK [1][-]{section.4.3}{\376\377\000C\000o\000r\000e\000\040\000e\000q\000u\000a\000t\000i\000o\000n\000s\000\040\000a\000n\000d\000\040\000a\000s\000s\000u\000m\000p\000t\000i\000o\000n\000s}{chapter.4}% 25
\BOOKMARK [1][-]{section.4.4}{\376\377\000B\000o\000u\000n\000d\000a\000r\000y\000\040\000c\000o\000n\000d\000i\000t\000i\000o\000n\000s}{chapter.4}% 26
\BOOKMARK [1][-]{section.4.5}{\376\377\000S\000o\000l\000v\000i\000n\000g\000\040\000t\000e\000c\000h\000n\000i\000q\000u\000e}{chapter.4}% 27
\BOOKMARK [1][-]{section.4.6}{\376\377\000R\000e\000q\000u\000i\000r\000e\000d\000\040\000t\000o\000r\000q\000u\000e}{chapter.4}% 28
\BOOKMARK [1][-]{section.4.7}{\376\377\000R\000e\000q\000u\000i\000r\000e\000d\000\040\000c\000o\000e\000f\000f\000i\000c\000i\000e\000n\000t\000\040\000o\000f\000\040\000f\000r\000i\000c\000t\000i\000o\000n}{chapter.4}% 29
\BOOKMARK [1][-]{section.4.8}{\376\377\000U\000s\000i\000n\000g\000\040\000t\000h\000e\000\040\000m\000o\000d\000e\000l\000\040\000t\000o\000\040\000s\000i\000z\000e\000\040\000c\000o\000m\000p\000o\000n\000e\000n\000t\000s}{chapter.4}% 30
\BOOKMARK [0][-]{chapter.5}{\376\377\000D\000e\000s\000i\000g\000n\000\040\000r\000e\000q\000u\000i\000r\000e\000m\000e\000n\000t\000s}{}% 31
\BOOKMARK [1][-]{section.5.1}{\376\377\000S\000t\000a\000k\000e\000h\000o\000l\000d\000e\000r\000\040\000r\000e\000q\000u\000i\000r\000e\000m\000e\000n\000t\000s}{chapter.5}% 32
\BOOKMARK [1][-]{section.5.2}{\376\377\000E\000n\000g\000i\000n\000e\000e\000r\000i\000n\000g\000\040\000r\000e\000q\000u\000i\000r\000e\000m\000e\000n\000t\000s}{chapter.5}% 33
\BOOKMARK [0][-]{chapter.6}{\376\377\000D\000e\000s\000i\000g\000n}{}% 34
\BOOKMARK [1][-]{section.6.1}{\376\377\000S\000e\000l\000e\000c\000t\000i\000o\000n\000\040\000o\000f\000\040\000d\000e\000s\000i\000g\000n\000\040\000p\000a\000r\000a\000m\000e\000t\000e\000r\000s}{chapter.6}% 35
\BOOKMARK [1][-]{section.6.2}{\376\377\000B\000o\000d\000y\000\040\000d\000e\000s\000i\000g\000n}{chapter.6}% 36
\BOOKMARK [1][-]{section.6.3}{\376\377\000M\000o\000t\000o\000r\000\040\000s\000e\000l\000e\000c\000t\000i\000o\000n}{chapter.6}% 37
\BOOKMARK [1][-]{section.6.4}{\376\377\000C\000o\000n\000t\000r\000o\000l\000\040\000c\000i\000r\000c\000u\000i\000t\000s\000\040\000a\000n\000d\000\040\000c\000o\000d\000e}{chapter.6}% 38
\BOOKMARK [1][-]{section.6.5}{\376\377\000C\000o\000n\000s\000t\000r\000u\000c\000t\000i\000o\000n\000\040\000a\000n\000d\000\040\000t\000e\000s\000t\000i\000n\000g}{chapter.6}% 39
\BOOKMARK [0][-]{chapter.7}{\376\377\000D\000r\000a\000k\000e\000\040\000S\000i\000m\000u\000l\000a\000t\000i\000o\000n}{}% 40
\BOOKMARK [1][-]{section.7.1}{\376\377\000O\000v\000e\000r\000v\000i\000e\000w\000\040\000a\000n\000d\000\040\000o\000b\000j\000e\000c\000t\000i\000v\000e\000s}{chapter.7}% 41
\BOOKMARK [1][-]{section.7.2}{\376\377\000S\000e\000l\000e\000c\000t\000i\000o\000n\000\040\000o\000f\000\040\000s\000i\000m\000u\000l\000a\000t\000o\000r}{chapter.7}% 42
\BOOKMARK [1][-]{section.7.3}{\376\377\000C\000A\000D\000\040\000t\000o\000\040\000s\000i\000m\000u\000l\000a\000t\000i\000o\000n\000\040\000p\000i\000p\000e\000l\000i\000n\000e}{chapter.7}% 43
\BOOKMARK [1][-]{section.7.4}{\376\377\000U\000s\000i\000n\000g\000\040\000t\000h\000e\000\040\000s\000i\000m\000u\000l\000a\000t\000o\000r}{chapter.7}% 44
\BOOKMARK [0][-]{chapter.8}{\376\377\000E\000x\000p\000e\000r\000i\000m\000e\000n\000t}{}% 45
\BOOKMARK [1][-]{section.8.1}{\376\377\000V\000o\000l\000t\000a\000g\000e\000-\000t\000o\000r\000q\000u\000e\000\040\000c\000a\000l\000i\000b\000r\000a\000t\000i\000o\000n}{chapter.8}% 46
\BOOKMARK [2][-]{subsection.8.1.1}{\376\377\000V\000a\000r\000i\000a\000b\000l\000e\000s}{section.8.1}% 47
\BOOKMARK [2][-]{subsection.8.1.2}{\376\377\000M\000e\000t\000h\000o\000d}{section.8.1}% 48
\BOOKMARK [2][-]{subsection.8.1.3}{\376\377\000R\000e\000s\000u\000l\000t\000s}{section.8.1}% 49
\BOOKMARK [1][-]{section.8.2}{\376\377\000T\000o\000r\000q\000u\000e\000\040\000m\000e\000a\000s\000u\000r\000e\000m\000e\000n\000t}{chapter.8}% 50
\BOOKMARK [2][-]{subsection.8.2.1}{\376\377\000V\000a\000r\000i\000a\000b\000l\000e\000s}{section.8.2}% 51
\BOOKMARK [2][-]{subsection.8.2.2}{\376\377\000M\000e\000t\000h\000o\000d}{section.8.2}% 52
\BOOKMARK [2][-]{subsection.8.2.3}{\376\377\000R\000e\000s\000u\000l\000t\000s}{section.8.2}% 53
\BOOKMARK [1][-]{section.8.3}{\376\377\000C\000u\000r\000r\000e\000n\000t\000\040\000m\000e\000a\000s\000u\000r\000e\000m\000e\000n\000t}{chapter.8}% 54
\BOOKMARK [2][-]{subsection.8.3.1}{\376\377\000V\000a\000r\000i\000a\000b\000l\000e\000s}{section.8.3}% 55
\BOOKMARK [2][-]{subsection.8.3.2}{\376\377\000M\000e\000t\000h\000o\000d}{section.8.3}% 56
\BOOKMARK [2][-]{subsection.8.3.3}{\376\377\000R\000e\000s\000u\000l\000t\000s}{section.8.3}% 57
\BOOKMARK [0][-]{chapter.9}{\376\377\000A\000n\000a\000l\000y\000s\000i\000s}{}% 58
\BOOKMARK [1][-]{section.9.1}{\376\377\000Q\000u\000a\000l\000i\000t\000a\000t\000i\000v\000e\000\040\000c\000o\000m\000p\000a\000r\000i\000s\000o\000n}{chapter.9}% 59
\BOOKMARK [1][-]{section.9.2}{\376\377\000Q\000u\000a\000n\000t\000i\000t\000a\000t\000i\000v\000e\000\040\000c\000o\000m\000p\000a\000r\000i\000s\000o\000n}{chapter.9}% 60
\BOOKMARK [1][-]{section.9.3}{\376\377\000A\000s\000s\000e\000s\000s\000m\000e\000n\000t\000\040\000o\000f\000\040\000e\000r\000r\000o\000r}{chapter.9}% 61
\BOOKMARK [0][-]{chapter.10}{\376\377\000R\000e\000c\000o\000m\000m\000e\000n\000d\000a\000t\000i\000o\000n\000s\000\040\000f\000o\000r\000\040\000f\000u\000t\000u\000r\000e\000\040\000w\000o\000r\000k}{}% 62
\BOOKMARK [1][-]{section.10.1}{\376\377\000R\000e\000c\000o\000m\000m\000e\000n\000d\000a\000t\000i\000o\000n\000\040\000f\000o\000r\000\040\000d\000e\000s\000i\000g\000n}{chapter.10}% 63
\BOOKMARK [0][-]{chapter.11}{\376\377\000C\000o\000n\000c\000l\000u\000s\000i\000o\000n\000s}{}% 64
\BOOKMARK [0][-]{appendix.A}{\376\377\000E\000C\000S\000A\000\040\000O\000u\000t\000c\000o\000m\000e\000\040\000\040\000S\000e\000l\000f\000\040\000A\000s\000s\000e\000s\000s\000m\000e\000n\000t}{}% 65
\BOOKMARK [0][-]{appendix.B}{\376\377\000T\000e\000c\000h\000n\000o\000-\000e\000c\000o\000n\000o\000m\000i\000c\000\040\000a\000n\000a\000l\000y\000s\000i\000s}{}% 66
\BOOKMARK [0][-]{appendix.C}{\376\377\000R\000i\000s\000k\000\040\000A\000s\000s\000e\000s\000s\000m\000e\000n\000t}{}% 67
\BOOKMARK [0][-]{appendix.D}{\376\377\000R\000e\000s\000o\000u\000r\000c\000e\000\040\000u\000s\000e\000\040\000a\000n\000d\000\040\000e\000n\000d\000\040\000o\000f\000\040\000l\000i\000f\000e\000\040\000s\000t\000r\000a\000t\000e\000g\000y}{}% 68
\BOOKMARK [0][-]{appendix.E}{\376\377\000D\000a\000t\000a}{}% 69
\BOOKMARK [0][-]{appendix.F}{\376\377\000E\000n\000g\000i\000n\000e\000e\000r\000i\000n\000g\000\040\000d\000r\000a\000w\000i\000n\000g\000s\000\040\000a\000n\000d\000\040\000p\000a\000r\000t\000s\000\040\000l\000i\000s\000t}{}% 70
\BOOKMARK [0][-]{appendix*.76}{\376\377\000L\000i\000s\000t\000\040\000o\000f\000\040\000r\000e\000f\000e\000r\000e\000n\000c\000e\000s}{}% 71
